{"/Users/leongjiayijanna/Desktop/y4s1/cs4218/ecommerce_site/cs4218-2510-ecom-project-team010/client/src/components/Form/CategoryForm.js": {"path":"/Users/leongjiayijanna/Desktop/y4s1/cs4218/ecommerce_site/cs4218-2510-ecom-project-team010/client/src/components/Form/CategoryForm.js","statementMap":{"0":{"start":{"line":3,"column":21},"end":{"line":23,"column":1}},"1":{"start":{"line":4,"column":2},"end":{"line":22,"column":4}},"2":{"start":{"line":13,"column":29},"end":{"line":13,"column":53}}},"fnMap":{"0":{"name":"(anonymous_0)","decl":{"start":{"line":3,"column":21},"end":{"line":3,"column":22}},"loc":{"start":{"line":3,"column":60},"end":{"line":23,"column":1}},"line":3},"1":{"name":"(anonymous_1)","decl":{"start":{"line":13,"column":22},"end":{"line":13,"column":23}},"loc":{"start":{"line":13,"column":29},"end":{"line":13,"column":53}},"line":13}},"branchMap":{},"s":{"0":0,"1":0,"2":0},"f":{"0":0,"1":0},"b":{}}
,"/Users/leongjiayijanna/Desktop/y4s1/cs4218/ecommerce_site/cs4218-2510-ecom-project-team010/client/src/components/Form/SearchInput.js": {"path":"/Users/leongjiayijanna/Desktop/y4s1/cs4218/ecommerce_site/cs4218-2510-ecom-project-team010/client/src/components/Form/SearchInput.js","statementMap":{"0":{"start":{"line":5,"column":20},"end":{"line":38,"column":1}},"1":{"start":{"line":6,"column":30},"end":{"line":6,"column":41}},"2":{"start":{"line":7,"column":19},"end":{"line":7,"column":32}},"3":{"start":{"line":9,"column":23},"end":{"line":20,"column":3}},"4":{"start":{"line":10,"column":4},"end":{"line":10,"column":23}},"5":{"start":{"line":11,"column":4},"end":{"line":19,"column":5}},"6":{"start":{"line":12,"column":23},"end":{"line":14,"column":7}},"7":{"start":{"line":15,"column":6},"end":{"line":15,"column":46}},"8":{"start":{"line":16,"column":6},"end":{"line":16,"column":26}},"9":{"start":{"line":18,"column":6},"end":{"line":18,"column":25}},"10":{"start":{"line":21,"column":2},"end":{"line":37,"column":4}},"11":{"start":{"line":30,"column":27},"end":{"line":30,"column":76}}},"fnMap":{"0":{"name":"(anonymous_0)","decl":{"start":{"line":5,"column":20},"end":{"line":5,"column":21}},"loc":{"start":{"line":5,"column":26},"end":{"line":38,"column":1}},"line":5},"1":{"name":"(anonymous_1)","decl":{"start":{"line":9,"column":23},"end":{"line":9,"column":24}},"loc":{"start":{"line":9,"column":36},"end":{"line":20,"column":3}},"line":9},"2":{"name":"(anonymous_2)","decl":{"start":{"line":30,"column":20},"end":{"line":30,"column":21}},"loc":{"start":{"line":30,"column":27},"end":{"line":30,"column":76}},"line":30}},"branchMap":{},"s":{"0":3,"1":30,"2":30,"3":30,"4":2,"5":2,"6":2,"7":2,"8":2,"9":0,"10":30,"11":1},"f":{"0":30,"1":2,"2":1},"b":{},"_coverageSchema":"1a1c01bbd47fc00a2c39e90264f33305004495a9","hash":"988b2f0c4682ae27de371105b2ff189ba2e65bbb"}
,"/Users/leongjiayijanna/Desktop/y4s1/cs4218/ecommerce_site/cs4218-2510-ecom-project-team010/client/src/context/auth.js": {"path":"/Users/leongjiayijanna/Desktop/y4s1/cs4218/ecommerce_site/cs4218-2510-ecom-project-team010/client/src/context/auth.js","statementMap":{"0":{"start":{"line":4,"column":20},"end":{"line":4,"column":35}},"1":{"start":{"line":6,"column":21},"end":{"line":32,"column":1}},"2":{"start":{"line":7,"column":28},"end":{"line":10,"column":6}},"3":{"start":{"line":13,"column":4},"end":{"line":13,"column":65}},"4":{"start":{"line":15,"column":4},"end":{"line":26,"column":11}},"5":{"start":{"line":16,"column":20},"end":{"line":16,"column":48}},"6":{"start":{"line":17,"column":7},"end":{"line":24,"column":8}},"7":{"start":{"line":18,"column":26},"end":{"line":18,"column":42}},"8":{"start":{"line":19,"column":8},"end":{"line":23,"column":11}},"9":{"start":{"line":27,"column":4},"end":{"line":31,"column":6}},"10":{"start":{"line":35,"column":16},"end":{"line":35,"column":45}},"11":{"start":{"line":35,"column":22},"end":{"line":35,"column":45}}},"fnMap":{"0":{"name":"(anonymous_0)","decl":{"start":{"line":6,"column":21},"end":{"line":6,"column":22}},"loc":{"start":{"line":6,"column":39},"end":{"line":32,"column":1}},"line":6},"1":{"name":"(anonymous_1)","decl":{"start":{"line":15,"column":14},"end":{"line":15,"column":15}},"loc":{"start":{"line":15,"column":20},"end":{"line":26,"column":5}},"line":15},"2":{"name":"(anonymous_2)","decl":{"start":{"line":35,"column":16},"end":{"line":35,"column":17}},"loc":{"start":{"line":35,"column":22},"end":{"line":35,"column":45}},"line":35}},"branchMap":{"0":{"loc":{"start":{"line":17,"column":7},"end":{"line":24,"column":8}},"type":"if","locations":[{"start":{"line":17,"column":7},"end":{"line":24,"column":8}},{"start":{},"end":{}}],"line":17}},"s":{"0":1,"1":1,"2":5,"3":5,"4":5,"5":3,"6":3,"7":1,"8":1,"9":5,"10":1,"11":10},"f":{"0":5,"1":3,"2":10},"b":{"0":[1,2]},"_coverageSchema":"1a1c01bbd47fc00a2c39e90264f33305004495a9","hash":"848f8f3c545b3839a252c44e4ba7109439851c8a"}
,"/Users/leongjiayijanna/Desktop/y4s1/cs4218/ecommerce_site/cs4218-2510-ecom-project-team010/client/src/context/cart.js": {"path":"/Users/leongjiayijanna/Desktop/y4s1/cs4218/ecommerce_site/cs4218-2510-ecom-project-team010/client/src/context/cart.js","statementMap":{"0":{"start":{"line":4,"column":20},"end":{"line":4,"column":35}},"1":{"start":{"line":5,"column":21},"end":{"line":18,"column":1}},"2":{"start":{"line":6,"column":26},"end":{"line":6,"column":38}},"3":{"start":{"line":8,"column":2},"end":{"line":11,"column":9}},"4":{"start":{"line":9,"column":27},"end":{"line":9,"column":55}},"5":{"start":{"line":10,"column":4},"end":{"line":10,"column":64}},"6":{"start":{"line":10,"column":26},"end":{"line":10,"column":64}},"7":{"start":{"line":13,"column":2},"end":{"line":17,"column":4}},"8":{"start":{"line":21,"column":16},"end":{"line":21,"column":45}},"9":{"start":{"line":21,"column":22},"end":{"line":21,"column":45}}},"fnMap":{"0":{"name":"(anonymous_0)","decl":{"start":{"line":5,"column":21},"end":{"line":5,"column":22}},"loc":{"start":{"line":5,"column":39},"end":{"line":18,"column":1}},"line":5},"1":{"name":"(anonymous_1)","decl":{"start":{"line":8,"column":12},"end":{"line":8,"column":13}},"loc":{"start":{"line":8,"column":18},"end":{"line":11,"column":3}},"line":8},"2":{"name":"(anonymous_2)","decl":{"start":{"line":21,"column":16},"end":{"line":21,"column":17}},"loc":{"start":{"line":21,"column":22},"end":{"line":21,"column":45}},"line":21}},"branchMap":{"0":{"loc":{"start":{"line":10,"column":4},"end":{"line":10,"column":64}},"type":"if","locations":[{"start":{"line":10,"column":4},"end":{"line":10,"column":64}},{"start":{},"end":{}}],"line":10}},"s":{"0":1,"1":1,"2":10,"3":10,"4":6,"5":6,"6":3,"7":10,"8":1,"9":10},"f":{"0":10,"1":6,"2":10},"b":{"0":[3,3]},"_coverageSchema":"1a1c01bbd47fc00a2c39e90264f33305004495a9","hash":"c4a93134f8f32fdb3b8481d45a942e274ce8bf16"}
,"/Users/leongjiayijanna/Desktop/y4s1/cs4218/ecommerce_site/cs4218-2510-ecom-project-team010/client/src/context/search.js": {"path":"/Users/leongjiayijanna/Desktop/y4s1/cs4218/ecommerce_site/cs4218-2510-ecom-project-team010/client/src/context/search.js","statementMap":{"0":{"start":{"line":4,"column":22},"end":{"line":4,"column":37}},"1":{"start":{"line":5,"column":23},"end":{"line":16,"column":1}},"2":{"start":{"line":6,"column":26},"end":{"line":9,"column":4}},"3":{"start":{"line":11,"column":2},"end":{"line":15,"column":4}},"4":{"start":{"line":19,"column":18},"end":{"line":19,"column":49}},"5":{"start":{"line":19,"column":24},"end":{"line":19,"column":49}}},"fnMap":{"0":{"name":"(anonymous_0)","decl":{"start":{"line":5,"column":23},"end":{"line":5,"column":24}},"loc":{"start":{"line":5,"column":41},"end":{"line":16,"column":1}},"line":5},"1":{"name":"(anonymous_1)","decl":{"start":{"line":19,"column":18},"end":{"line":19,"column":19}},"loc":{"start":{"line":19,"column":24},"end":{"line":19,"column":49}},"line":19}},"branchMap":{},"s":{"0":2,"1":2,"2":2,"3":2,"4":2,"5":2},"f":{"0":2,"1":2},"b":{},"_coverageSchema":"1a1c01bbd47fc00a2c39e90264f33305004495a9","hash":"508c92af671448184f3558bcfb977635ed17d140"}
,"/Users/leongjiayijanna/Desktop/y4s1/cs4218/ecommerce_site/cs4218-2510-ecom-project-team010/client/src/hooks/useCategory.js": {"path":"/Users/leongjiayijanna/Desktop/y4s1/cs4218/ecommerce_site/cs4218-2510-ecom-project-team010/client/src/hooks/useCategory.js","statementMap":{"0":{"start":{"line":5,"column":38},"end":{"line":5,"column":50}},"1":{"start":{"line":8,"column":24},"end":{"line":15,"column":3}},"2":{"start":{"line":9,"column":4},"end":{"line":14,"column":5}},"3":{"start":{"line":10,"column":23},"end":{"line":10,"column":71}},"4":{"start":{"line":11,"column":6},"end":{"line":11,"column":36}},"5":{"start":{"line":13,"column":6},"end":{"line":13,"column":25}},"6":{"start":{"line":17,"column":2},"end":{"line":19,"column":9}},"7":{"start":{"line":18,"column":4},"end":{"line":18,"column":20}},"8":{"start":{"line":21,"column":2},"end":{"line":21,"column":20}}},"fnMap":{"0":{"name":"useCategory","decl":{"start":{"line":4,"column":24},"end":{"line":4,"column":35}},"loc":{"start":{"line":4,"column":38},"end":{"line":22,"column":1}},"line":4},"1":{"name":"(anonymous_1)","decl":{"start":{"line":8,"column":24},"end":{"line":8,"column":25}},"loc":{"start":{"line":8,"column":36},"end":{"line":15,"column":3}},"line":8},"2":{"name":"(anonymous_2)","decl":{"start":{"line":17,"column":12},"end":{"line":17,"column":13}},"loc":{"start":{"line":17,"column":18},"end":{"line":19,"column":3}},"line":17}},"branchMap":{},"s":{"0":11,"1":11,"2":6,"3":6,"4":6,"5":0,"6":11,"7":6,"8":11},"f":{"0":11,"1":6,"2":6},"b":{},"_coverageSchema":"1a1c01bbd47fc00a2c39e90264f33305004495a9","hash":"9f8a069a21f78ae0656a4dfee0ed78b9e6ecdeb1"}
,"/Users/leongjiayijanna/Desktop/y4s1/cs4218/ecommerce_site/cs4218-2510-ecom-project-team010/client/src/pages/Categories.js": {"path":"/Users/leongjiayijanna/Desktop/y4s1/cs4218/ecommerce_site/cs4218-2510-ecom-project-team010/client/src/pages/Categories.js","statementMap":{"0":{"start":{"line":5,"column":19},"end":{"line":22,"column":1}},"1":{"start":{"line":6,"column":21},"end":{"line":6,"column":34}},"2":{"start":{"line":7,"column":2},"end":{"line":21,"column":4}},"3":{"start":{"line":12,"column":12},"end":{"line":16,"column":18}}},"fnMap":{"0":{"name":"(anonymous_0)","decl":{"start":{"line":5,"column":19},"end":{"line":5,"column":20}},"loc":{"start":{"line":5,"column":25},"end":{"line":22,"column":1}},"line":5},"1":{"name":"(anonymous_1)","decl":{"start":{"line":11,"column":27},"end":{"line":11,"column":28}},"loc":{"start":{"line":12,"column":12},"end":{"line":16,"column":18}},"line":12}},"branchMap":{},"s":{"0":1,"1":2,"2":2,"3":2},"f":{"0":2,"1":2},"b":{},"_coverageSchema":"1a1c01bbd47fc00a2c39e90264f33305004495a9","hash":"3d9fac873406b9a29408f3c1a7aabd732a73c151"}
,"/Users/leongjiayijanna/Desktop/y4s1/cs4218/ecommerce_site/cs4218-2510-ecom-project-team010/client/src/pages/Policy.js": {"path":"/Users/leongjiayijanna/Desktop/y4s1/cs4218/ecommerce_site/cs4218-2510-ecom-project-team010/client/src/pages/Policy.js","statementMap":{"0":{"start":{"line":4,"column":15},"end":{"line":27,"column":1}},"1":{"start":{"line":5,"column":2},"end":{"line":26,"column":4}}},"fnMap":{"0":{"name":"(anonymous_0)","decl":{"start":{"line":4,"column":15},"end":{"line":4,"column":16}},"loc":{"start":{"line":4,"column":21},"end":{"line":27,"column":1}},"line":4}},"branchMap":{},"s":{"0":1,"1":1},"f":{"0":1},"b":{},"_coverageSchema":"1a1c01bbd47fc00a2c39e90264f33305004495a9","hash":"8771dd09090e437226358b43e2e0d5fad0286f37"}
,"/Users/leongjiayijanna/Desktop/y4s1/cs4218/ecommerce_site/cs4218-2510-ecom-project-team010/client/src/pages/Search.js": {"path":"/Users/leongjiayijanna/Desktop/y4s1/cs4218/ecommerce_site/cs4218-2510-ecom-project-team010/client/src/pages/Search.js","statementMap":{"0":{"start":{"line":4,"column":15},"end":{"line":40,"column":1}},"1":{"start":{"line":5,"column":30},"end":{"line":5,"column":41}},"2":{"start":{"line":6,"column":2},"end":{"line":39,"column":4}},"3":{"start":{"line":18,"column":14},"end":{"line":33,"column":20}}},"fnMap":{"0":{"name":"(anonymous_0)","decl":{"start":{"line":4,"column":15},"end":{"line":4,"column":16}},"loc":{"start":{"line":4,"column":21},"end":{"line":40,"column":1}},"line":4},"1":{"name":"(anonymous_1)","decl":{"start":{"line":17,"column":33},"end":{"line":17,"column":34}},"loc":{"start":{"line":18,"column":14},"end":{"line":33,"column":20}},"line":18}},"branchMap":{"0":{"loc":{"start":{"line":12,"column":13},"end":{"line":14,"column":49}},"type":"cond-expr","locations":[{"start":{"line":13,"column":16},"end":{"line":13,"column":35}},{"start":{"line":14,"column":16},"end":{"line":14,"column":49}}],"line":12}},"s":{"0":1,"1":3,"2":3,"3":3},"f":{"0":3,"1":3},"b":{"0":[1,2]},"_coverageSchema":"1a1c01bbd47fc00a2c39e90264f33305004495a9","hash":"e06d06832aecbfaa30b84edf4c89f6bee28f671d"}
,"/Users/leongjiayijanna/Desktop/y4s1/cs4218/ecommerce_site/cs4218-2510-ecom-project-team010/client/src/pages/Auth/Login.js": {"path":"/Users/leongjiayijanna/Desktop/y4s1/cs4218/ecommerce_site/cs4218-2510-ecom-project-team010/client/src/pages/Auth/Login.js","statementMap":{"0":{"start":{"line":9,"column":14},"end":{"line":99,"column":1}},"1":{"start":{"line":10,"column":28},"end":{"line":10,"column":40}},"2":{"start":{"line":11,"column":34},"end":{"line":11,"column":46}},"3":{"start":{"line":12,"column":26},"end":{"line":12,"column":35}},"4":{"start":{"line":15,"column":19},"end":{"line":15,"column":32}},"5":{"start":{"line":16,"column":19},"end":{"line":16,"column":32}},"6":{"start":{"line":20,"column":23},"end":{"line":50,"column":3}},"7":{"start":{"line":21,"column":4},"end":{"line":21,"column":23}},"8":{"start":{"line":22,"column":4},"end":{"line":49,"column":5}},"9":{"start":{"line":23,"column":18},"end":{"line":26,"column":8}},"10":{"start":{"line":27,"column":6},"end":{"line":45,"column":7}},"11":{"start":{"line":28,"column":8},"end":{"line":35,"column":13}},"12":{"start":{"line":36,"column":8},"end":{"line":40,"column":11}},"13":{"start":{"line":41,"column":8},"end":{"line":41,"column":63}},"14":{"start":{"line":42,"column":8},"end":{"line":42,"column":40}},"15":{"start":{"line":44,"column":8},"end":{"line":44,"column":38}},"16":{"start":{"line":47,"column":6},"end":{"line":47,"column":25}},"17":{"start":{"line":48,"column":6},"end":{"line":48,"column":42}},"18":{"start":{"line":51,"column":2},"end":{"line":98,"column":4}},"19":{"start":{"line":62,"column":31},"end":{"line":62,"column":55}},"20":{"start":{"line":73,"column":31},"end":{"line":73,"column":58}},"21":{"start":{"line":85,"column":16},"end":{"line":85,"column":45}}},"fnMap":{"0":{"name":"(anonymous_0)","decl":{"start":{"line":9,"column":14},"end":{"line":9,"column":15}},"loc":{"start":{"line":9,"column":20},"end":{"line":99,"column":1}},"line":9},"1":{"name":"(anonymous_1)","decl":{"start":{"line":20,"column":23},"end":{"line":20,"column":24}},"loc":{"start":{"line":20,"column":36},"end":{"line":50,"column":3}},"line":20},"2":{"name":"(anonymous_2)","decl":{"start":{"line":62,"column":24},"end":{"line":62,"column":25}},"loc":{"start":{"line":62,"column":31},"end":{"line":62,"column":55}},"line":62},"3":{"name":"(anonymous_3)","decl":{"start":{"line":73,"column":24},"end":{"line":73,"column":25}},"loc":{"start":{"line":73,"column":31},"end":{"line":73,"column":58}},"line":73},"4":{"name":"(anonymous_4)","decl":{"start":{"line":84,"column":23},"end":{"line":84,"column":24}},"loc":{"start":{"line":84,"column":29},"end":{"line":86,"column":15}},"line":84}},"branchMap":{"0":{"loc":{"start":{"line":27,"column":6},"end":{"line":45,"column":7}},"type":"if","locations":[{"start":{"line":27,"column":6},"end":{"line":45,"column":7}},{"start":{"line":43,"column":13},"end":{"line":45,"column":7}}],"line":27},"1":{"loc":{"start":{"line":27,"column":10},"end":{"line":27,"column":33}},"type":"binary-expr","locations":[{"start":{"line":27,"column":10},"end":{"line":27,"column":13}},{"start":{"line":27,"column":17},"end":{"line":27,"column":33}}],"line":27},"2":{"loc":{"start":{"line":28,"column":22},"end":{"line":28,"column":50}},"type":"binary-expr","locations":[{"start":{"line":28,"column":22},"end":{"line":28,"column":30}},{"start":{"line":28,"column":34},"end":{"line":28,"column":50}}],"line":28},"3":{"loc":{"start":{"line":42,"column":17},"end":{"line":42,"column":38}},"type":"binary-expr","locations":[{"start":{"line":42,"column":17},"end":{"line":42,"column":31}},{"start":{"line":42,"column":35},"end":{"line":42,"column":38}}],"line":42}},"s":{"0":1,"1":11,"2":11,"3":11,"4":11,"5":11,"6":11,"7":2,"8":2,"9":2,"10":1,"11":1,"12":1,"13":1,"14":1,"15":0,"16":1,"17":1,"18":11,"19":3,"20":3,"21":0},"f":{"0":11,"1":2,"2":3,"3":3,"4":0},"b":{"0":[1,0],"1":[1,1],"2":[1,1],"3":[1,1]},"_coverageSchema":"1a1c01bbd47fc00a2c39e90264f33305004495a9","hash":"e032d8e490cd8bed53260fb2cd4d38ad52aaa154"}
,"/Users/leongjiayijanna/Desktop/y4s1/cs4218/ecommerce_site/cs4218-2510-ecom-project-team010/client/src/pages/Auth/Register.js": {"path":"/Users/leongjiayijanna/Desktop/y4s1/cs4218/ecommerce_site/cs4218-2510-ecom-project-team010/client/src/pages/Auth/Register.js","statementMap":{"0":{"start":{"line":7,"column":17},"end":{"line":132,"column":1}},"1":{"start":{"line":8,"column":26},"end":{"line":8,"column":38}},"2":{"start":{"line":9,"column":28},"end":{"line":9,"column":40}},"3":{"start":{"line":10,"column":34},"end":{"line":10,"column":46}},"4":{"start":{"line":11,"column":28},"end":{"line":11,"column":40}},"5":{"start":{"line":12,"column":32},"end":{"line":12,"column":44}},"6":{"start":{"line":13,"column":24},"end":{"line":13,"column":36}},"7":{"start":{"line":14,"column":30},"end":{"line":14,"column":42}},"8":{"start":{"line":15,"column":19},"end":{"line":15,"column":32}},"9":{"start":{"line":18,"column":23},"end":{"line":40,"column":3}},"10":{"start":{"line":19,"column":4},"end":{"line":19,"column":23}},"11":{"start":{"line":20,"column":4},"end":{"line":39,"column":5}},"12":{"start":{"line":21,"column":18},"end":{"line":29,"column":8}},"13":{"start":{"line":30,"column":6},"end":{"line":35,"column":7}},"14":{"start":{"line":31,"column":8},"end":{"line":31,"column":61}},"15":{"start":{"line":32,"column":8},"end":{"line":32,"column":27}},"16":{"start":{"line":34,"column":8},"end":{"line":34,"column":38}},"17":{"start":{"line":37,"column":6},"end":{"line":37,"column":25}},"18":{"start":{"line":38,"column":6},"end":{"line":38,"column":42}},"19":{"start":{"line":42,"column":2},"end":{"line":131,"column":4}},"20":{"start":{"line":51,"column":31},"end":{"line":51,"column":54}},"21":{"start":{"line":63,"column":31},"end":{"line":63,"column":55}},"22":{"start":{"line":74,"column":31},"end":{"line":74,"column":58}},"23":{"start":{"line":85,"column":31},"end":{"line":85,"column":55}},"24":{"start":{"line":96,"column":31},"end":{"line":96,"column":57}},"25":{"start":{"line":107,"column":31},"end":{"line":107,"column":53}},"26":{"start":{"line":118,"column":31},"end":{"line":118,"column":56}}},"fnMap":{"0":{"name":"(anonymous_0)","decl":{"start":{"line":7,"column":17},"end":{"line":7,"column":18}},"loc":{"start":{"line":7,"column":23},"end":{"line":132,"column":1}},"line":7},"1":{"name":"(anonymous_1)","decl":{"start":{"line":18,"column":23},"end":{"line":18,"column":24}},"loc":{"start":{"line":18,"column":36},"end":{"line":40,"column":3}},"line":18},"2":{"name":"(anonymous_2)","decl":{"start":{"line":51,"column":24},"end":{"line":51,"column":25}},"loc":{"start":{"line":51,"column":31},"end":{"line":51,"column":54}},"line":51},"3":{"name":"(anonymous_3)","decl":{"start":{"line":63,"column":24},"end":{"line":63,"column":25}},"loc":{"start":{"line":63,"column":31},"end":{"line":63,"column":55}},"line":63},"4":{"name":"(anonymous_4)","decl":{"start":{"line":74,"column":24},"end":{"line":74,"column":25}},"loc":{"start":{"line":74,"column":31},"end":{"line":74,"column":58}},"line":74},"5":{"name":"(anonymous_5)","decl":{"start":{"line":85,"column":24},"end":{"line":85,"column":25}},"loc":{"start":{"line":85,"column":31},"end":{"line":85,"column":55}},"line":85},"6":{"name":"(anonymous_6)","decl":{"start":{"line":96,"column":24},"end":{"line":96,"column":25}},"loc":{"start":{"line":96,"column":31},"end":{"line":96,"column":57}},"line":96},"7":{"name":"(anonymous_7)","decl":{"start":{"line":107,"column":24},"end":{"line":107,"column":25}},"loc":{"start":{"line":107,"column":31},"end":{"line":107,"column":53}},"line":107},"8":{"name":"(anonymous_8)","decl":{"start":{"line":118,"column":24},"end":{"line":118,"column":25}},"loc":{"start":{"line":118,"column":31},"end":{"line":118,"column":56}},"line":118}},"branchMap":{"0":{"loc":{"start":{"line":30,"column":6},"end":{"line":35,"column":7}},"type":"if","locations":[{"start":{"line":30,"column":6},"end":{"line":35,"column":7}},{"start":{"line":33,"column":13},"end":{"line":35,"column":7}}],"line":30},"1":{"loc":{"start":{"line":30,"column":10},"end":{"line":30,"column":33}},"type":"binary-expr","locations":[{"start":{"line":30,"column":10},"end":{"line":30,"column":13}},{"start":{"line":30,"column":17},"end":{"line":30,"column":33}}],"line":30}},"s":{"0":1,"1":16,"2":16,"3":16,"4":16,"5":16,"6":16,"7":16,"8":16,"9":16,"10":2,"11":2,"12":2,"13":1,"14":1,"15":1,"16":0,"17":1,"18":1,"19":16,"20":2,"21":2,"22":2,"23":2,"24":2,"25":2,"26":2},"f":{"0":16,"1":2,"2":2,"3":2,"4":2,"5":2,"6":2,"7":2,"8":2},"b":{"0":[1,0],"1":[1,1]},"_coverageSchema":"1a1c01bbd47fc00a2c39e90264f33305004495a9","hash":"52604fd66ca48e2d7fae507a3a8cb57c064f4ce3"}
,"/Users/leongjiayijanna/Desktop/y4s1/cs4218/ecommerce_site/cs4218-2510-ecom-project-team010/client/src/pages/admin/Products.js": {"path":"/Users/leongjiayijanna/Desktop/y4s1/cs4218/ecommerce_site/cs4218-2510-ecom-project-team010/client/src/pages/admin/Products.js","statementMap":{"0":{"start":{"line":7,"column":17},"end":{"line":58,"column":1}},"1":{"start":{"line":8,"column":34},"end":{"line":8,"column":46}},"2":{"start":{"line":11,"column":25},"end":{"line":19,"column":3}},"3":{"start":{"line":12,"column":4},"end":{"line":18,"column":5}},"4":{"start":{"line":13,"column":23},"end":{"line":13,"column":69}},"5":{"start":{"line":14,"column":6},"end":{"line":14,"column":33}},"6":{"start":{"line":16,"column":6},"end":{"line":16,"column":25}},"7":{"start":{"line":17,"column":6},"end":{"line":17,"column":42}},"8":{"start":{"line":22,"column":2},"end":{"line":24,"column":9}},"9":{"start":{"line":23,"column":4},"end":{"line":23,"column":21}},"10":{"start":{"line":25,"column":2},"end":{"line":57,"column":4}},"11":{"start":{"line":35,"column":14},"end":{"line":51,"column":21}}},"fnMap":{"0":{"name":"(anonymous_0)","decl":{"start":{"line":7,"column":17},"end":{"line":7,"column":18}},"loc":{"start":{"line":7,"column":23},"end":{"line":58,"column":1}},"line":7},"1":{"name":"(anonymous_1)","decl":{"start":{"line":11,"column":25},"end":{"line":11,"column":26}},"loc":{"start":{"line":11,"column":37},"end":{"line":19,"column":3}},"line":11},"2":{"name":"(anonymous_2)","decl":{"start":{"line":22,"column":12},"end":{"line":22,"column":13}},"loc":{"start":{"line":22,"column":18},"end":{"line":24,"column":3}},"line":22},"3":{"name":"(anonymous_3)","decl":{"start":{"line":34,"column":27},"end":{"line":34,"column":28}},"loc":{"start":{"line":35,"column":14},"end":{"line":51,"column":21}},"line":35}},"branchMap":{},"s":{"0":1,"1":4,"2":4,"3":3,"4":3,"5":2,"6":1,"7":1,"8":4,"9":3,"10":4,"11":2},"f":{"0":4,"1":3,"2":3,"3":2},"b":{},"_coverageSchema":"1a1c01bbd47fc00a2c39e90264f33305004495a9","hash":"50087a45ea770afc370f6a690e1bffe67afce2f0"}
}
