{"/Users/leongjiayijanna/Desktop/y4s1/cs4218/ecommerce_site/cs4218-2510-ecom-project-team010/controllers/authController.js": {"path":"/Users/leongjiayijanna/Desktop/y4s1/cs4218/ecommerce_site/cs4218-2510-ecom-project-team010/controllers/authController.js","statementMap":{"0":{"start":{"line":7,"column":34},"end":{"line":63,"column":1}},"1":{"start":{"line":8,"column":2},"end":{"line":62,"column":3}},"2":{"start":{"line":9,"column":62},"end":{"line":9,"column":70}},"3":{"start":{"line":11,"column":4},"end":{"line":13,"column":5}},"4":{"start":{"line":12,"column":6},"end":{"line":12,"column":53}},"5":{"start":{"line":14,"column":4},"end":{"line":16,"column":5}},"6":{"start":{"line":15,"column":6},"end":{"line":15,"column":56}},"7":{"start":{"line":17,"column":4},"end":{"line":19,"column":5}},"8":{"start":{"line":18,"column":6},"end":{"line":18,"column":59}},"9":{"start":{"line":20,"column":4},"end":{"line":22,"column":5}},"10":{"start":{"line":21,"column":6},"end":{"line":21,"column":59}},"11":{"start":{"line":23,"column":4},"end":{"line":25,"column":5}},"12":{"start":{"line":24,"column":6},"end":{"line":24,"column":58}},"13":{"start":{"line":26,"column":4},"end":{"line":28,"column":5}},"14":{"start":{"line":27,"column":6},"end":{"line":27,"column":57}},"15":{"start":{"line":30,"column":26},"end":{"line":30,"column":60}},"16":{"start":{"line":32,"column":4},"end":{"line":37,"column":5}},"17":{"start":{"line":33,"column":6},"end":{"line":36,"column":9}},"18":{"start":{"line":39,"column":27},"end":{"line":39,"column":55}},"19":{"start":{"line":41,"column":17},"end":{"line":48,"column":13}},"20":{"start":{"line":50,"column":4},"end":{"line":54,"column":7}},"21":{"start":{"line":56,"column":4},"end":{"line":56,"column":23}},"22":{"start":{"line":57,"column":4},"end":{"line":61,"column":7}},"23":{"start":{"line":66,"column":31},"end":{"line":116,"column":1}},"24":{"start":{"line":67,"column":2},"end":{"line":115,"column":3}},"25":{"start":{"line":68,"column":32},"end":{"line":68,"column":40}},"26":{"start":{"line":70,"column":4},"end":{"line":75,"column":5}},"27":{"start":{"line":71,"column":6},"end":{"line":74,"column":9}},"28":{"start":{"line":77,"column":17},"end":{"line":77,"column":51}},"29":{"start":{"line":78,"column":4},"end":{"line":83,"column":5}},"30":{"start":{"line":79,"column":6},"end":{"line":82,"column":9}},"31":{"start":{"line":84,"column":18},"end":{"line":84,"column":64}},"32":{"start":{"line":85,"column":4},"end":{"line":90,"column":5}},"33":{"start":{"line":86,"column":6},"end":{"line":89,"column":9}},"34":{"start":{"line":92,"column":18},"end":{"line":94,"column":6}},"35":{"start":{"line":95,"column":4},"end":{"line":107,"column":7}},"36":{"start":{"line":109,"column":4},"end":{"line":109,"column":23}},"37":{"start":{"line":110,"column":4},"end":{"line":114,"column":7}},"38":{"start":{"line":120,"column":40},"end":{"line":155,"column":1}},"39":{"start":{"line":121,"column":2},"end":{"line":154,"column":3}},"40":{"start":{"line":122,"column":43},"end":{"line":122,"column":51}},"41":{"start":{"line":123,"column":4},"end":{"line":125,"column":5}},"42":{"start":{"line":124,"column":6},"end":{"line":124,"column":61}},"43":{"start":{"line":126,"column":4},"end":{"line":128,"column":5}},"44":{"start":{"line":127,"column":6},"end":{"line":127,"column":62}},"45":{"start":{"line":129,"column":4},"end":{"line":131,"column":5}},"46":{"start":{"line":130,"column":6},"end":{"line":130,"column":68}},"47":{"start":{"line":133,"column":17},"end":{"line":133,"column":59}},"48":{"start":{"line":135,"column":4},"end":{"line":140,"column":5}},"49":{"start":{"line":136,"column":6},"end":{"line":139,"column":9}},"50":{"start":{"line":141,"column":19},"end":{"line":141,"column":50}},"51":{"start":{"line":142,"column":4},"end":{"line":142,"column":70}},"52":{"start":{"line":143,"column":4},"end":{"line":146,"column":7}},"53":{"start":{"line":148,"column":4},"end":{"line":148,"column":23}},"54":{"start":{"line":149,"column":4},"end":{"line":153,"column":7}},"55":{"start":{"line":158,"column":30},"end":{"line":165,"column":1}},"56":{"start":{"line":159,"column":2},"end":{"line":164,"column":3}},"57":{"start":{"line":160,"column":4},"end":{"line":160,"column":33}},"58":{"start":{"line":162,"column":4},"end":{"line":162,"column":23}},"59":{"start":{"line":163,"column":4},"end":{"line":163,"column":24}},"60":{"start":{"line":168,"column":39},"end":{"line":200,"column":1}},"61":{"start":{"line":169,"column":2},"end":{"line":199,"column":3}},"62":{"start":{"line":170,"column":54},"end":{"line":170,"column":62}},"63":{"start":{"line":171,"column":17},"end":{"line":171,"column":55}},"64":{"start":{"line":173,"column":4},"end":{"line":175,"column":5}},"65":{"start":{"line":174,"column":6},"end":{"line":174,"column":79}},"66":{"start":{"line":176,"column":27},"end":{"line":176,"column":78}},"67":{"start":{"line":177,"column":24},"end":{"line":186,"column":5}},"68":{"start":{"line":187,"column":4},"end":{"line":191,"column":7}},"69":{"start":{"line":193,"column":4},"end":{"line":193,"column":23}},"70":{"start":{"line":194,"column":4},"end":{"line":198,"column":7}},"71":{"start":{"line":203,"column":35},"end":{"line":218,"column":1}},"72":{"start":{"line":204,"column":2},"end":{"line":217,"column":3}},"73":{"start":{"line":205,"column":19},"end":{"line":208,"column":32}},"74":{"start":{"line":209,"column":4},"end":{"line":209,"column":21}},"75":{"start":{"line":211,"column":4},"end":{"line":211,"column":23}},"76":{"start":{"line":212,"column":4},"end":{"line":216,"column":7}},"77":{"start":{"line":220,"column":38},"end":{"line":236,"column":1}},"78":{"start":{"line":221,"column":2},"end":{"line":235,"column":3}},"79":{"start":{"line":222,"column":19},"end":{"line":226,"column":32}},"80":{"start":{"line":227,"column":4},"end":{"line":227,"column":21}},"81":{"start":{"line":229,"column":4},"end":{"line":229,"column":23}},"82":{"start":{"line":230,"column":4},"end":{"line":234,"column":7}},"83":{"start":{"line":239,"column":37},"end":{"line":257,"column":1}},"84":{"start":{"line":240,"column":2},"end":{"line":256,"column":3}},"85":{"start":{"line":241,"column":24},"end":{"line":241,"column":34}},"86":{"start":{"line":242,"column":23},"end":{"line":242,"column":31}},"87":{"start":{"line":243,"column":19},"end":{"line":247,"column":5}},"88":{"start":{"line":248,"column":4},"end":{"line":248,"column":21}},"89":{"start":{"line":250,"column":4},"end":{"line":250,"column":23}},"90":{"start":{"line":251,"column":4},"end":{"line":255,"column":7}}},"fnMap":{"0":{"name":"(anonymous_0)","decl":{"start":{"line":7,"column":34},"end":{"line":7,"column":35}},"loc":{"start":{"line":7,"column":54},"end":{"line":63,"column":1}},"line":7},"1":{"name":"(anonymous_1)","decl":{"start":{"line":66,"column":31},"end":{"line":66,"column":32}},"loc":{"start":{"line":66,"column":51},"end":{"line":116,"column":1}},"line":66},"2":{"name":"(anonymous_2)","decl":{"start":{"line":120,"column":40},"end":{"line":120,"column":41}},"loc":{"start":{"line":120,"column":60},"end":{"line":155,"column":1}},"line":120},"3":{"name":"(anonymous_3)","decl":{"start":{"line":158,"column":30},"end":{"line":158,"column":31}},"loc":{"start":{"line":158,"column":44},"end":{"line":165,"column":1}},"line":158},"4":{"name":"(anonymous_4)","decl":{"start":{"line":168,"column":39},"end":{"line":168,"column":40}},"loc":{"start":{"line":168,"column":59},"end":{"line":200,"column":1}},"line":168},"5":{"name":"(anonymous_5)","decl":{"start":{"line":203,"column":35},"end":{"line":203,"column":36}},"loc":{"start":{"line":203,"column":55},"end":{"line":218,"column":1}},"line":203},"6":{"name":"(anonymous_6)","decl":{"start":{"line":220,"column":38},"end":{"line":220,"column":39}},"loc":{"start":{"line":220,"column":58},"end":{"line":236,"column":1}},"line":220},"7":{"name":"(anonymous_7)","decl":{"start":{"line":239,"column":37},"end":{"line":239,"column":38}},"loc":{"start":{"line":239,"column":57},"end":{"line":257,"column":1}},"line":239}},"branchMap":{"0":{"loc":{"start":{"line":11,"column":4},"end":{"line":13,"column":5}},"type":"if","locations":[{"start":{"line":11,"column":4},"end":{"line":13,"column":5}},{"start":{},"end":{}}],"line":11},"1":{"loc":{"start":{"line":14,"column":4},"end":{"line":16,"column":5}},"type":"if","locations":[{"start":{"line":14,"column":4},"end":{"line":16,"column":5}},{"start":{},"end":{}}],"line":14},"2":{"loc":{"start":{"line":17,"column":4},"end":{"line":19,"column":5}},"type":"if","locations":[{"start":{"line":17,"column":4},"end":{"line":19,"column":5}},{"start":{},"end":{}}],"line":17},"3":{"loc":{"start":{"line":20,"column":4},"end":{"line":22,"column":5}},"type":"if","locations":[{"start":{"line":20,"column":4},"end":{"line":22,"column":5}},{"start":{},"end":{}}],"line":20},"4":{"loc":{"start":{"line":23,"column":4},"end":{"line":25,"column":5}},"type":"if","locations":[{"start":{"line":23,"column":4},"end":{"line":25,"column":5}},{"start":{},"end":{}}],"line":23},"5":{"loc":{"start":{"line":26,"column":4},"end":{"line":28,"column":5}},"type":"if","locations":[{"start":{"line":26,"column":4},"end":{"line":28,"column":5}},{"start":{},"end":{}}],"line":26},"6":{"loc":{"start":{"line":32,"column":4},"end":{"line":37,"column":5}},"type":"if","locations":[{"start":{"line":32,"column":4},"end":{"line":37,"column":5}},{"start":{},"end":{}}],"line":32},"7":{"loc":{"start":{"line":70,"column":4},"end":{"line":75,"column":5}},"type":"if","locations":[{"start":{"line":70,"column":4},"end":{"line":75,"column":5}},{"start":{},"end":{}}],"line":70},"8":{"loc":{"start":{"line":70,"column":8},"end":{"line":70,"column":27}},"type":"binary-expr","locations":[{"start":{"line":70,"column":8},"end":{"line":70,"column":14}},{"start":{"line":70,"column":18},"end":{"line":70,"column":27}}],"line":70},"9":{"loc":{"start":{"line":78,"column":4},"end":{"line":83,"column":5}},"type":"if","locations":[{"start":{"line":78,"column":4},"end":{"line":83,"column":5}},{"start":{},"end":{}}],"line":78},"10":{"loc":{"start":{"line":85,"column":4},"end":{"line":90,"column":5}},"type":"if","locations":[{"start":{"line":85,"column":4},"end":{"line":90,"column":5}},{"start":{},"end":{}}],"line":85},"11":{"loc":{"start":{"line":123,"column":4},"end":{"line":125,"column":5}},"type":"if","locations":[{"start":{"line":123,"column":4},"end":{"line":125,"column":5}},{"start":{},"end":{}}],"line":123},"12":{"loc":{"start":{"line":126,"column":4},"end":{"line":128,"column":5}},"type":"if","locations":[{"start":{"line":126,"column":4},"end":{"line":128,"column":5}},{"start":{},"end":{}}],"line":126},"13":{"loc":{"start":{"line":129,"column":4},"end":{"line":131,"column":5}},"type":"if","locations":[{"start":{"line":129,"column":4},"end":{"line":131,"column":5}},{"start":{},"end":{}}],"line":129},"14":{"loc":{"start":{"line":135,"column":4},"end":{"line":140,"column":5}},"type":"if","locations":[{"start":{"line":135,"column":4},"end":{"line":140,"column":5}},{"start":{},"end":{}}],"line":135},"15":{"loc":{"start":{"line":173,"column":4},"end":{"line":175,"column":5}},"type":"if","locations":[{"start":{"line":173,"column":4},"end":{"line":175,"column":5}},{"start":{},"end":{}}],"line":173},"16":{"loc":{"start":{"line":173,"column":8},"end":{"line":173,"column":39}},"type":"binary-expr","locations":[{"start":{"line":173,"column":8},"end":{"line":173,"column":16}},{"start":{"line":173,"column":20},"end":{"line":173,"column":39}}],"line":173},"17":{"loc":{"start":{"line":176,"column":27},"end":{"line":176,"column":78}},"type":"cond-expr","locations":[{"start":{"line":176,"column":38},"end":{"line":176,"column":66}},{"start":{"line":176,"column":69},"end":{"line":176,"column":78}}],"line":176},"18":{"loc":{"start":{"line":180,"column":14},"end":{"line":180,"column":31}},"type":"binary-expr","locations":[{"start":{"line":180,"column":14},"end":{"line":180,"column":18}},{"start":{"line":180,"column":22},"end":{"line":180,"column":31}}],"line":180},"19":{"loc":{"start":{"line":181,"column":18},"end":{"line":181,"column":49}},"type":"binary-expr","locations":[{"start":{"line":181,"column":18},"end":{"line":181,"column":32}},{"start":{"line":181,"column":36},"end":{"line":181,"column":49}}],"line":181},"20":{"loc":{"start":{"line":182,"column":15},"end":{"line":182,"column":34}},"type":"binary-expr","locations":[{"start":{"line":182,"column":15},"end":{"line":182,"column":20}},{"start":{"line":182,"column":24},"end":{"line":182,"column":34}}],"line":182},"21":{"loc":{"start":{"line":183,"column":17},"end":{"line":183,"column":40}},"type":"binary-expr","locations":[{"start":{"line":183,"column":17},"end":{"line":183,"column":24}},{"start":{"line":183,"column":28},"end":{"line":183,"column":40}}],"line":183}},"s":{"0":1,"1":4,"2":4,"3":4,"4":1,"5":3,"6":0,"7":3,"8":0,"9":3,"10":0,"11":3,"12":0,"13":3,"14":0,"15":3,"16":2,"17":1,"18":1,"19":1,"20":1,"21":1,"22":1,"23":1,"24":3,"25":3,"26":3,"27":0,"28":3,"29":3,"30":1,"31":2,"32":2,"33":1,"34":1,"35":1,"36":0,"37":0,"38":1,"39":2,"40":2,"41":2,"42":0,"43":2,"44":0,"45":2,"46":0,"47":2,"48":2,"49":1,"50":1,"51":1,"52":1,"53":0,"54":0,"55":1,"56":1,"57":1,"58":0,"59":0,"60":1,"61":1,"62":1,"63":1,"64":1,"65":0,"66":1,"67":1,"68":1,"69":0,"70":0,"71":1,"72":2,"73":2,"74":1,"75":1,"76":1,"77":1,"78":1,"79":1,"80":1,"81":0,"82":0,"83":1,"84":1,"85":1,"86":1,"87":1,"88":1,"89":0,"90":0},"f":{"0":4,"1":3,"2":2,"3":1,"4":1,"5":2,"6":1,"7":1},"b":{"0":[1,3],"1":[0,3],"2":[0,3],"3":[0,3],"4":[0,3],"5":[0,3],"6":[1,1],"7":[0,3],"8":[3,3],"9":[1,2],"10":[1,1],"11":[0,2],"12":[0,2],"13":[0,2],"14":[1,1],"15":[0,1],"16":[1,0],"17":[0,1],"18":[1,0],"19":[1,1],"20":[1,0],"21":[1,1]},"_coverageSchema":"1a1c01bbd47fc00a2c39e90264f33305004495a9","hash":"08099695613fae01a08a83a7c777f2e97aa5c3ad"}
,"/Users/leongjiayijanna/Desktop/y4s1/cs4218/ecommerce_site/cs4218-2510-ecom-project-team010/controllers/categoryController.js": {"path":"/Users/leongjiayijanna/Desktop/y4s1/cs4218/ecommerce_site/cs4218-2510-ecom-project-team010/controllers/categoryController.js","statementMap":{"0":{"start":{"line":4,"column":40},"end":{"line":34,"column":1}},"1":{"start":{"line":5,"column":2},"end":{"line":33,"column":3}},"2":{"start":{"line":6,"column":21},"end":{"line":6,"column":29}},"3":{"start":{"line":7,"column":4},"end":{"line":9,"column":5}},"4":{"start":{"line":8,"column":6},"end":{"line":8,"column":67}},"5":{"start":{"line":10,"column":29},"end":{"line":10,"column":66}},"6":{"start":{"line":11,"column":4},"end":{"line":16,"column":5}},"7":{"start":{"line":12,"column":6},"end":{"line":15,"column":9}},"8":{"start":{"line":17,"column":21},"end":{"line":20,"column":13}},"9":{"start":{"line":21,"column":4},"end":{"line":25,"column":7}},"10":{"start":{"line":27,"column":4},"end":{"line":27,"column":23}},"11":{"start":{"line":28,"column":4},"end":{"line":32,"column":7}},"12":{"start":{"line":37,"column":40},"end":{"line":65,"column":1}},"13":{"start":{"line":38,"column":2},"end":{"line":64,"column":3}},"14":{"start":{"line":39,"column":21},"end":{"line":39,"column":29}},"15":{"start":{"line":40,"column":19},"end":{"line":40,"column":29}},"16":{"start":{"line":41,"column":21},"end":{"line":45,"column":5}},"17":{"start":{"line":46,"column":4},"end":{"line":51,"column":5}},"18":{"start":{"line":47,"column":6},"end":{"line":50,"column":9}},"19":{"start":{"line":52,"column":4},"end":{"line":56,"column":7}},"20":{"start":{"line":58,"column":4},"end":{"line":58,"column":23}},"21":{"start":{"line":59,"column":4},"end":{"line":63,"column":7}},"22":{"start":{"line":68,"column":34},"end":{"line":84,"column":1}},"23":{"start":{"line":69,"column":2},"end":{"line":83,"column":3}},"24":{"start":{"line":70,"column":21},"end":{"line":70,"column":49}},"25":{"start":{"line":71,"column":4},"end":{"line":75,"column":7}},"26":{"start":{"line":77,"column":4},"end":{"line":77,"column":23}},"27":{"start":{"line":78,"column":4},"end":{"line":82,"column":7}},"28":{"start":{"line":87,"column":40},"end":{"line":103,"column":1}},"29":{"start":{"line":88,"column":2},"end":{"line":102,"column":3}},"30":{"start":{"line":89,"column":21},"end":{"line":89,"column":75}},"31":{"start":{"line":90,"column":4},"end":{"line":94,"column":7}},"32":{"start":{"line":96,"column":4},"end":{"line":96,"column":23}},"33":{"start":{"line":97,"column":4},"end":{"line":101,"column":7}},"34":{"start":{"line":106,"column":40},"end":{"line":128,"column":1}},"35":{"start":{"line":107,"column":2},"end":{"line":127,"column":3}},"36":{"start":{"line":108,"column":19},"end":{"line":108,"column":29}},"37":{"start":{"line":109,"column":28},"end":{"line":109,"column":69}},"38":{"start":{"line":110,"column":4},"end":{"line":115,"column":5}},"39":{"start":{"line":111,"column":6},"end":{"line":114,"column":9}},"40":{"start":{"line":116,"column":4},"end":{"line":119,"column":7}},"41":{"start":{"line":121,"column":4},"end":{"line":121,"column":23}},"42":{"start":{"line":122,"column":4},"end":{"line":126,"column":7}}},"fnMap":{"0":{"name":"(anonymous_0)","decl":{"start":{"line":4,"column":40},"end":{"line":4,"column":41}},"loc":{"start":{"line":4,"column":60},"end":{"line":34,"column":1}},"line":4},"1":{"name":"(anonymous_1)","decl":{"start":{"line":37,"column":40},"end":{"line":37,"column":41}},"loc":{"start":{"line":37,"column":60},"end":{"line":65,"column":1}},"line":37},"2":{"name":"(anonymous_2)","decl":{"start":{"line":68,"column":34},"end":{"line":68,"column":35}},"loc":{"start":{"line":68,"column":54},"end":{"line":84,"column":1}},"line":68},"3":{"name":"(anonymous_3)","decl":{"start":{"line":87,"column":40},"end":{"line":87,"column":41}},"loc":{"start":{"line":87,"column":60},"end":{"line":103,"column":1}},"line":87},"4":{"name":"(anonymous_4)","decl":{"start":{"line":106,"column":40},"end":{"line":106,"column":41}},"loc":{"start":{"line":106,"column":60},"end":{"line":128,"column":1}},"line":106}},"branchMap":{"0":{"loc":{"start":{"line":7,"column":4},"end":{"line":9,"column":5}},"type":"if","locations":[{"start":{"line":7,"column":4},"end":{"line":9,"column":5}},{"start":{},"end":{}}],"line":7},"1":{"loc":{"start":{"line":11,"column":4},"end":{"line":16,"column":5}},"type":"if","locations":[{"start":{"line":11,"column":4},"end":{"line":16,"column":5}},{"start":{},"end":{}}],"line":11},"2":{"loc":{"start":{"line":46,"column":4},"end":{"line":51,"column":5}},"type":"if","locations":[{"start":{"line":46,"column":4},"end":{"line":51,"column":5}},{"start":{},"end":{}}],"line":46},"3":{"loc":{"start":{"line":110,"column":4},"end":{"line":115,"column":5}},"type":"if","locations":[{"start":{"line":110,"column":4},"end":{"line":115,"column":5}},{"start":{},"end":{}}],"line":110}},"s":{"0":1,"1":3,"2":3,"3":3,"4":1,"5":2,"6":2,"7":1,"8":1,"9":1,"10":0,"11":0,"12":1,"13":2,"14":2,"15":2,"16":2,"17":2,"18":1,"19":1,"20":0,"21":0,"22":1,"23":2,"24":2,"25":2,"26":0,"27":0,"28":1,"29":2,"30":2,"31":2,"32":0,"33":0,"34":1,"35":2,"36":2,"37":2,"38":2,"39":1,"40":1,"41":0,"42":0},"f":{"0":3,"1":2,"2":2,"3":2,"4":2},"b":{"0":[1,2],"1":[1,1],"2":[1,1],"3":[1,1]},"_coverageSchema":"1a1c01bbd47fc00a2c39e90264f33305004495a9","hash":"a9f68373b4dfdf4651ee90b118b41d2ca678337c"}
,"/Users/leongjiayijanna/Desktop/y4s1/cs4218/ecommerce_site/cs4218-2510-ecom-project-team010/controllers/productController.js": {"path":"/Users/leongjiayijanna/Desktop/y4s1/cs4218/ecommerce_site/cs4218-2510-ecom-project-team010/controllers/productController.js","statementMap":{"0":{"start":{"line":10,"column":0},"end":{"line":10,"column":16}},"1":{"start":{"line":13,"column":14},"end":{"line":18,"column":2}},"2":{"start":{"line":21,"column":39},"end":{"line":64,"column":1}},"3":{"start":{"line":22,"column":2},"end":{"line":63,"column":3}},"4":{"start":{"line":25,"column":6},"end":{"line":25,"column":16}},"5":{"start":{"line":26,"column":22},"end":{"line":26,"column":31}},"6":{"start":{"line":28,"column":4},"end":{"line":43,"column":5}},"7":{"start":{"line":30,"column":8},"end":{"line":30,"column":67}},"8":{"start":{"line":32,"column":8},"end":{"line":32,"column":74}},"9":{"start":{"line":34,"column":8},"end":{"line":34,"column":68}},"10":{"start":{"line":36,"column":8},"end":{"line":36,"column":71}},"11":{"start":{"line":38,"column":8},"end":{"line":38,"column":71}},"12":{"start":{"line":40,"column":8},"end":{"line":42,"column":76}},"13":{"start":{"line":45,"column":21},"end":{"line":45,"column":77}},"14":{"start":{"line":46,"column":4},"end":{"line":49,"column":5}},"15":{"start":{"line":47,"column":6},"end":{"line":47,"column":56}},"16":{"start":{"line":48,"column":6},"end":{"line":48,"column":46}},"17":{"start":{"line":50,"column":4},"end":{"line":50,"column":26}},"18":{"start":{"line":51,"column":4},"end":{"line":55,"column":7}},"19":{"start":{"line":57,"column":4},"end":{"line":57,"column":23}},"20":{"start":{"line":58,"column":4},"end":{"line":62,"column":7}},"21":{"start":{"line":67,"column":36},"end":{"line":89,"column":1}},"22":{"start":{"line":68,"column":2},"end":{"line":88,"column":3}},"23":{"start":{"line":69,"column":21},"end":{"line":74,"column":30}},"24":{"start":{"line":75,"column":4},"end":{"line":80,"column":7}},"25":{"start":{"line":82,"column":4},"end":{"line":82,"column":23}},"26":{"start":{"line":83,"column":4},"end":{"line":87,"column":7}},"27":{"start":{"line":91,"column":42},"end":{"line":110,"column":1}},"28":{"start":{"line":92,"column":2},"end":{"line":109,"column":3}},"29":{"start":{"line":93,"column":20},"end":{"line":96,"column":27}},"30":{"start":{"line":97,"column":4},"end":{"line":101,"column":7}},"31":{"start":{"line":103,"column":4},"end":{"line":103,"column":23}},"32":{"start":{"line":104,"column":4},"end":{"line":108,"column":7}},"33":{"start":{"line":113,"column":38},"end":{"line":128,"column":1}},"34":{"start":{"line":114,"column":2},"end":{"line":127,"column":3}},"35":{"start":{"line":115,"column":20},"end":{"line":115,"column":79}},"36":{"start":{"line":116,"column":4},"end":{"line":119,"column":5}},"37":{"start":{"line":117,"column":6},"end":{"line":117,"column":57}},"38":{"start":{"line":118,"column":6},"end":{"line":118,"column":54}},"39":{"start":{"line":121,"column":4},"end":{"line":121,"column":23}},"40":{"start":{"line":122,"column":4},"end":{"line":126,"column":7}},"41":{"start":{"line":132,"column":39},"end":{"line":147,"column":1}},"42":{"start":{"line":133,"column":2},"end":{"line":146,"column":3}},"43":{"start":{"line":134,"column":4},"end":{"line":134,"column":74}},"44":{"start":{"line":135,"column":4},"end":{"line":138,"column":7}},"45":{"start":{"line":140,"column":4},"end":{"line":140,"column":23}},"46":{"start":{"line":141,"column":4},"end":{"line":145,"column":7}},"47":{"start":{"line":151,"column":39},"end":{"line":197,"column":1}},"48":{"start":{"line":152,"column":2},"end":{"line":196,"column":3}},"49":{"start":{"line":154,"column":6},"end":{"line":154,"column":16}},"50":{"start":{"line":155,"column":22},"end":{"line":155,"column":31}},"51":{"start":{"line":157,"column":4},"end":{"line":172,"column":5}},"52":{"start":{"line":159,"column":8},"end":{"line":159,"column":67}},"53":{"start":{"line":161,"column":8},"end":{"line":161,"column":74}},"54":{"start":{"line":163,"column":8},"end":{"line":163,"column":68}},"55":{"start":{"line":165,"column":8},"end":{"line":165,"column":71}},"56":{"start":{"line":167,"column":8},"end":{"line":167,"column":71}},"57":{"start":{"line":169,"column":8},"end":{"line":171,"column":76}},"58":{"start":{"line":174,"column":21},"end":{"line":178,"column":5}},"59":{"start":{"line":179,"column":4},"end":{"line":182,"column":5}},"60":{"start":{"line":180,"column":6},"end":{"line":180,"column":56}},"61":{"start":{"line":181,"column":6},"end":{"line":181,"column":46}},"62":{"start":{"line":183,"column":4},"end":{"line":183,"column":26}},"63":{"start":{"line":184,"column":4},"end":{"line":188,"column":7}},"64":{"start":{"line":190,"column":4},"end":{"line":190,"column":23}},"65":{"start":{"line":191,"column":4},"end":{"line":195,"column":7}},"66":{"start":{"line":200,"column":40},"end":{"line":219,"column":1}},"67":{"start":{"line":201,"column":2},"end":{"line":218,"column":3}},"68":{"start":{"line":202,"column":31},"end":{"line":202,"column":39}},"69":{"start":{"line":203,"column":15},"end":{"line":203,"column":17}},"70":{"start":{"line":204,"column":4},"end":{"line":204,"column":52}},"71":{"start":{"line":204,"column":28},"end":{"line":204,"column":52}},"72":{"start":{"line":205,"column":4},"end":{"line":205,"column":70}},"73":{"start":{"line":205,"column":22},"end":{"line":205,"column":70}},"74":{"start":{"line":206,"column":21},"end":{"line":206,"column":50}},"75":{"start":{"line":207,"column":4},"end":{"line":210,"column":7}},"76":{"start":{"line":212,"column":4},"end":{"line":212,"column":23}},"77":{"start":{"line":213,"column":4},"end":{"line":217,"column":7}},"78":{"start":{"line":222,"column":38},"end":{"line":237,"column":1}},"79":{"start":{"line":223,"column":2},"end":{"line":236,"column":3}},"80":{"start":{"line":224,"column":18},"end":{"line":224,"column":70}},"81":{"start":{"line":225,"column":4},"end":{"line":228,"column":7}},"82":{"start":{"line":230,"column":4},"end":{"line":230,"column":23}},"83":{"start":{"line":231,"column":4},"end":{"line":235,"column":7}},"84":{"start":{"line":240,"column":37},"end":{"line":262,"column":1}},"85":{"start":{"line":241,"column":2},"end":{"line":261,"column":3}},"86":{"start":{"line":242,"column":20},"end":{"line":242,"column":21}},"87":{"start":{"line":243,"column":17},"end":{"line":243,"column":54}},"88":{"start":{"line":244,"column":21},"end":{"line":249,"column":30}},"89":{"start":{"line":250,"column":4},"end":{"line":253,"column":7}},"90":{"start":{"line":255,"column":4},"end":{"line":255,"column":23}},"91":{"start":{"line":256,"column":4},"end":{"line":260,"column":7}},"92":{"start":{"line":265,"column":39},"end":{"line":285,"column":1}},"93":{"start":{"line":266,"column":2},"end":{"line":284,"column":3}},"94":{"start":{"line":267,"column":24},"end":{"line":267,"column":34}},"95":{"start":{"line":268,"column":20},"end":{"line":275,"column":23}},"96":{"start":{"line":276,"column":4},"end":{"line":276,"column":22}},"97":{"start":{"line":278,"column":4},"end":{"line":278,"column":23}},"98":{"start":{"line":279,"column":4},"end":{"line":283,"column":7}},"99":{"start":{"line":288,"column":40},"end":{"line":311,"column":1}},"100":{"start":{"line":289,"column":2},"end":{"line":310,"column":3}},"101":{"start":{"line":290,"column":25},"end":{"line":290,"column":35}},"102":{"start":{"line":291,"column":21},"end":{"line":298,"column":27}},"103":{"start":{"line":299,"column":4},"end":{"line":302,"column":7}},"104":{"start":{"line":304,"column":4},"end":{"line":304,"column":23}},"105":{"start":{"line":305,"column":4},"end":{"line":309,"column":7}},"106":{"start":{"line":314,"column":41},"end":{"line":331,"column":1}},"107":{"start":{"line":315,"column":2},"end":{"line":330,"column":3}},"108":{"start":{"line":316,"column":21},"end":{"line":316,"column":75}},"109":{"start":{"line":317,"column":21},"end":{"line":317,"column":79}},"110":{"start":{"line":318,"column":4},"end":{"line":322,"column":7}},"111":{"start":{"line":324,"column":4},"end":{"line":324,"column":23}},"112":{"start":{"line":325,"column":4},"end":{"line":329,"column":7}},"113":{"start":{"line":335,"column":40},"end":{"line":347,"column":1}},"114":{"start":{"line":336,"column":2},"end":{"line":346,"column":3}},"115":{"start":{"line":337,"column":4},"end":{"line":343,"column":7}},"116":{"start":{"line":338,"column":6},"end":{"line":342,"column":7}},"117":{"start":{"line":339,"column":8},"end":{"line":339,"column":34}},"118":{"start":{"line":341,"column":8},"end":{"line":341,"column":27}},"119":{"start":{"line":345,"column":4},"end":{"line":345,"column":23}},"120":{"start":{"line":350,"column":42},"end":{"line":381,"column":1}},"121":{"start":{"line":351,"column":2},"end":{"line":380,"column":3}},"122":{"start":{"line":352,"column":28},"end":{"line":352,"column":36}},"123":{"start":{"line":353,"column":16},"end":{"line":353,"column":17}},"124":{"start":{"line":354,"column":4},"end":{"line":356,"column":7}},"125":{"start":{"line":355,"column":6},"end":{"line":355,"column":23}},"126":{"start":{"line":357,"column":25},"end":{"line":377,"column":5}},"127":{"start":{"line":366,"column":8},"end":{"line":375,"column":9}},"128":{"start":{"line":367,"column":24},"end":{"line":371,"column":19}},"129":{"start":{"line":372,"column":10},"end":{"line":372,"column":33}},"130":{"start":{"line":374,"column":10},"end":{"line":374,"column":38}},"131":{"start":{"line":379,"column":4},"end":{"line":379,"column":23}}},"fnMap":{"0":{"name":"(anonymous_0)","decl":{"start":{"line":21,"column":39},"end":{"line":21,"column":40}},"loc":{"start":{"line":21,"column":59},"end":{"line":64,"column":1}},"line":21},"1":{"name":"(anonymous_1)","decl":{"start":{"line":67,"column":36},"end":{"line":67,"column":37}},"loc":{"start":{"line":67,"column":56},"end":{"line":89,"column":1}},"line":67},"2":{"name":"(anonymous_2)","decl":{"start":{"line":91,"column":42},"end":{"line":91,"column":43}},"loc":{"start":{"line":91,"column":62},"end":{"line":110,"column":1}},"line":91},"3":{"name":"(anonymous_3)","decl":{"start":{"line":113,"column":38},"end":{"line":113,"column":39}},"loc":{"start":{"line":113,"column":58},"end":{"line":128,"column":1}},"line":113},"4":{"name":"(anonymous_4)","decl":{"start":{"line":132,"column":39},"end":{"line":132,"column":40}},"loc":{"start":{"line":132,"column":59},"end":{"line":147,"column":1}},"line":132},"5":{"name":"(anonymous_5)","decl":{"start":{"line":151,"column":39},"end":{"line":151,"column":40}},"loc":{"start":{"line":151,"column":59},"end":{"line":197,"column":1}},"line":151},"6":{"name":"(anonymous_6)","decl":{"start":{"line":200,"column":40},"end":{"line":200,"column":41}},"loc":{"start":{"line":200,"column":60},"end":{"line":219,"column":1}},"line":200},"7":{"name":"(anonymous_7)","decl":{"start":{"line":222,"column":38},"end":{"line":222,"column":39}},"loc":{"start":{"line":222,"column":58},"end":{"line":237,"column":1}},"line":222},"8":{"name":"(anonymous_8)","decl":{"start":{"line":240,"column":37},"end":{"line":240,"column":38}},"loc":{"start":{"line":240,"column":57},"end":{"line":262,"column":1}},"line":240},"9":{"name":"(anonymous_9)","decl":{"start":{"line":265,"column":39},"end":{"line":265,"column":40}},"loc":{"start":{"line":265,"column":59},"end":{"line":285,"column":1}},"line":265},"10":{"name":"(anonymous_10)","decl":{"start":{"line":288,"column":40},"end":{"line":288,"column":41}},"loc":{"start":{"line":288,"column":60},"end":{"line":311,"column":1}},"line":288},"11":{"name":"(anonymous_11)","decl":{"start":{"line":314,"column":41},"end":{"line":314,"column":42}},"loc":{"start":{"line":314,"column":61},"end":{"line":331,"column":1}},"line":314},"12":{"name":"(anonymous_12)","decl":{"start":{"line":335,"column":40},"end":{"line":335,"column":41}},"loc":{"start":{"line":335,"column":60},"end":{"line":347,"column":1}},"line":335},"13":{"name":"(anonymous_13)","decl":{"start":{"line":337,"column":37},"end":{"line":337,"column":38}},"loc":{"start":{"line":337,"column":62},"end":{"line":343,"column":5}},"line":337},"14":{"name":"(anonymous_14)","decl":{"start":{"line":350,"column":42},"end":{"line":350,"column":43}},"loc":{"start":{"line":350,"column":62},"end":{"line":381,"column":1}},"line":350},"15":{"name":"(anonymous_15)","decl":{"start":{"line":354,"column":13},"end":{"line":354,"column":14}},"loc":{"start":{"line":354,"column":20},"end":{"line":356,"column":5}},"line":354},"16":{"name":"(anonymous_16)","decl":{"start":{"line":365,"column":6},"end":{"line":365,"column":7}},"loc":{"start":{"line":365,"column":31},"end":{"line":376,"column":7}},"line":365}},"branchMap":{"0":{"loc":{"start":{"line":28,"column":4},"end":{"line":43,"column":5}},"type":"switch","locations":[{"start":{"line":29,"column":6},"end":{"line":30,"column":67}},{"start":{"line":31,"column":6},"end":{"line":32,"column":74}},{"start":{"line":33,"column":6},"end":{"line":34,"column":68}},{"start":{"line":35,"column":6},"end":{"line":36,"column":71}},{"start":{"line":37,"column":6},"end":{"line":38,"column":71}},{"start":{"line":39,"column":6},"end":{"line":42,"column":76}}],"line":28},"1":{"loc":{"start":{"line":39,"column":11},"end":{"line":39,"column":40}},"type":"binary-expr","locations":[{"start":{"line":39,"column":11},"end":{"line":39,"column":16}},{"start":{"line":39,"column":20},"end":{"line":39,"column":40}}],"line":39},"2":{"loc":{"start":{"line":46,"column":4},"end":{"line":49,"column":5}},"type":"if","locations":[{"start":{"line":46,"column":4},"end":{"line":49,"column":5}},{"start":{},"end":{}}],"line":46},"3":{"loc":{"start":{"line":116,"column":4},"end":{"line":119,"column":5}},"type":"if","locations":[{"start":{"line":116,"column":4},"end":{"line":119,"column":5}},{"start":{},"end":{}}],"line":116},"4":{"loc":{"start":{"line":157,"column":4},"end":{"line":172,"column":5}},"type":"switch","locations":[{"start":{"line":158,"column":6},"end":{"line":159,"column":67}},{"start":{"line":160,"column":6},"end":{"line":161,"column":74}},{"start":{"line":162,"column":6},"end":{"line":163,"column":68}},{"start":{"line":164,"column":6},"end":{"line":165,"column":71}},{"start":{"line":166,"column":6},"end":{"line":167,"column":71}},{"start":{"line":168,"column":6},"end":{"line":171,"column":76}}],"line":157},"5":{"loc":{"start":{"line":168,"column":11},"end":{"line":168,"column":40}},"type":"binary-expr","locations":[{"start":{"line":168,"column":11},"end":{"line":168,"column":16}},{"start":{"line":168,"column":20},"end":{"line":168,"column":40}}],"line":168},"6":{"loc":{"start":{"line":179,"column":4},"end":{"line":182,"column":5}},"type":"if","locations":[{"start":{"line":179,"column":4},"end":{"line":182,"column":5}},{"start":{},"end":{}}],"line":179},"7":{"loc":{"start":{"line":204,"column":4},"end":{"line":204,"column":52}},"type":"if","locations":[{"start":{"line":204,"column":4},"end":{"line":204,"column":52}},{"start":{},"end":{}}],"line":204},"8":{"loc":{"start":{"line":205,"column":4},"end":{"line":205,"column":70}},"type":"if","locations":[{"start":{"line":205,"column":4},"end":{"line":205,"column":70}},{"start":{},"end":{}}],"line":205},"9":{"loc":{"start":{"line":243,"column":17},"end":{"line":243,"column":54}},"type":"cond-expr","locations":[{"start":{"line":243,"column":35},"end":{"line":243,"column":50}},{"start":{"line":243,"column":53},"end":{"line":243,"column":54}}],"line":243},"10":{"loc":{"start":{"line":338,"column":6},"end":{"line":342,"column":7}},"type":"if","locations":[{"start":{"line":338,"column":6},"end":{"line":342,"column":7}},{"start":{"line":340,"column":13},"end":{"line":342,"column":7}}],"line":338},"11":{"loc":{"start":{"line":366,"column":8},"end":{"line":375,"column":9}},"type":"if","locations":[{"start":{"line":366,"column":8},"end":{"line":375,"column":9}},{"start":{"line":373,"column":15},"end":{"line":375,"column":9}}],"line":366}},"s":{"0":2,"1":2,"2":2,"3":8,"4":8,"5":8,"6":7,"7":1,"8":1,"9":1,"10":1,"11":1,"12":1,"13":1,"14":1,"15":1,"16":1,"17":1,"18":1,"19":1,"20":1,"21":2,"22":0,"23":0,"24":0,"25":0,"26":0,"27":2,"28":0,"29":0,"30":0,"31":0,"32":0,"33":2,"34":0,"35":0,"36":0,"37":0,"38":0,"39":0,"40":0,"41":2,"42":0,"43":0,"44":0,"45":0,"46":0,"47":2,"48":8,"49":8,"50":8,"51":8,"52":1,"53":1,"54":1,"55":1,"56":1,"57":1,"58":2,"59":1,"60":1,"61":1,"62":1,"63":1,"64":1,"65":1,"66":2,"67":0,"68":0,"69":0,"70":0,"71":0,"72":0,"73":0,"74":0,"75":0,"76":0,"77":0,"78":2,"79":0,"80":0,"81":0,"82":0,"83":0,"84":2,"85":0,"86":0,"87":0,"88":0,"89":0,"90":0,"91":0,"92":2,"93":0,"94":0,"95":0,"96":0,"97":0,"98":0,"99":2,"100":0,"101":0,"102":0,"103":0,"104":0,"105":0,"106":2,"107":0,"108":0,"109":0,"110":0,"111":0,"112":0,"113":2,"114":2,"115":2,"116":2,"117":1,"118":1,"119":0,"120":2,"121":0,"122":0,"123":0,"124":0,"125":0,"126":0,"127":0,"128":0,"129":0,"130":0,"131":0},"f":{"0":8,"1":0,"2":0,"3":0,"4":0,"5":8,"6":0,"7":0,"8":0,"9":0,"10":0,"11":0,"12":2,"13":2,"14":0,"15":0,"16":0},"b":{"0":[1,1,1,1,1,1],"1":[2,2],"2":[1,0],"3":[0,0],"4":[1,1,1,1,1,1],"5":[3,3],"6":[1,0],"7":[0,0],"8":[0,0],"9":[0,0],"10":[1,1],"11":[0,0]},"_coverageSchema":"1a1c01bbd47fc00a2c39e90264f33305004495a9","hash":"f501b63fee022f8dc69c47a0a2eabe3ec2d20b59"}
,"/Users/leongjiayijanna/Desktop/y4s1/cs4218/ecommerce_site/cs4218-2510-ecom-project-team010/helpers/authHelper.js": {"path":"/Users/leongjiayijanna/Desktop/y4s1/cs4218/ecommerce_site/cs4218-2510-ecom-project-team010/helpers/authHelper.js","statementMap":{"0":{"start":{"line":3,"column":28},"end":{"line":12,"column":1}},"1":{"start":{"line":4,"column":4},"end":{"line":11,"column":5}},"2":{"start":{"line":5,"column":27},"end":{"line":5,"column":29}},"3":{"start":{"line":6,"column":31},"end":{"line":6,"column":70}},"4":{"start":{"line":7,"column":8},"end":{"line":7,"column":30}},"5":{"start":{"line":10,"column":8},"end":{"line":10,"column":27}},"6":{"start":{"line":14,"column":31},"end":{"line":16,"column":1}},"7":{"start":{"line":15,"column":4},"end":{"line":15,"column":52}}},"fnMap":{"0":{"name":"(anonymous_0)","decl":{"start":{"line":3,"column":28},"end":{"line":3,"column":29}},"loc":{"start":{"line":3,"column":48},"end":{"line":12,"column":1}},"line":3},"1":{"name":"(anonymous_1)","decl":{"start":{"line":14,"column":31},"end":{"line":14,"column":32}},"loc":{"start":{"line":14,"column":66},"end":{"line":16,"column":1}},"line":14}},"branchMap":{},"s":{"0":2,"1":2,"2":2,"3":2,"4":1,"5":1,"6":2,"7":3},"f":{"0":2,"1":3},"b":{},"_coverageSchema":"1a1c01bbd47fc00a2c39e90264f33305004495a9","hash":"554aababe86f6574083adb8cb331106a5c6a8859"}
,"/Users/leongjiayijanna/Desktop/y4s1/cs4218/ecommerce_site/cs4218-2510-ecom-project-team010/middlewares/authMiddleware.js": {"path":"/Users/leongjiayijanna/Desktop/y4s1/cs4218/ecommerce_site/cs4218-2510-ecom-project-team010/middlewares/authMiddleware.js","statementMap":{"0":{"start":{"line":5,"column":29},"end":{"line":16,"column":1}},"1":{"start":{"line":6,"column":4},"end":{"line":15,"column":5}},"2":{"start":{"line":7,"column":23},"end":{"line":10,"column":9}},"3":{"start":{"line":11,"column":8},"end":{"line":11,"column":26}},"4":{"start":{"line":12,"column":8},"end":{"line":12,"column":15}},"5":{"start":{"line":14,"column":8},"end":{"line":14,"column":27}},"6":{"start":{"line":19,"column":23},"end":{"line":38,"column":1}},"7":{"start":{"line":20,"column":4},"end":{"line":37,"column":5}},"8":{"start":{"line":21,"column":21},"end":{"line":21,"column":59}},"9":{"start":{"line":22,"column":8},"end":{"line":29,"column":9}},"10":{"start":{"line":23,"column":12},"end":{"line":26,"column":15}},"11":{"start":{"line":28,"column":12},"end":{"line":28,"column":19}},"12":{"start":{"line":31,"column":8},"end":{"line":31,"column":27}},"13":{"start":{"line":32,"column":8},"end":{"line":36,"column":11}}},"fnMap":{"0":{"name":"(anonymous_0)","decl":{"start":{"line":5,"column":29},"end":{"line":5,"column":30}},"loc":{"start":{"line":5,"column":55},"end":{"line":16,"column":1}},"line":5},"1":{"name":"(anonymous_1)","decl":{"start":{"line":19,"column":23},"end":{"line":19,"column":24}},"loc":{"start":{"line":19,"column":49},"end":{"line":38,"column":1}},"line":19}},"branchMap":{"0":{"loc":{"start":{"line":22,"column":8},"end":{"line":29,"column":9}},"type":"if","locations":[{"start":{"line":22,"column":8},"end":{"line":29,"column":9}},{"start":{"line":27,"column":15},"end":{"line":29,"column":9}}],"line":22}},"s":{"0":1,"1":2,"2":2,"3":1,"4":1,"5":1,"6":1,"7":4,"8":4,"9":3,"10":1,"11":1,"12":2,"13":2},"f":{"0":2,"1":4},"b":{"0":[1,1]},"_coverageSchema":"1a1c01bbd47fc00a2c39e90264f33305004495a9","hash":"d7c0c554ac33c1722fc591f2d0aeded37c9f3d9a"}
,"/Users/leongjiayijanna/Desktop/y4s1/cs4218/ecommerce_site/cs4218-2510-ecom-project-team010/models/categoryModel.js": {"path":"/Users/leongjiayijanna/Desktop/y4s1/cs4218/ecommerce_site/cs4218-2510-ecom-project-team010/models/categoryModel.js","statementMap":{"0":{"start":{"line":3,"column":23},"end":{"line":13,"column":2}}},"fnMap":{},"branchMap":{},"s":{"0":2},"f":{},"b":{},"_coverageSchema":"1a1c01bbd47fc00a2c39e90264f33305004495a9","hash":"0792b82549355e5005f4eb5ecb730acdd83576a7"}
,"/Users/leongjiayijanna/Desktop/y4s1/cs4218/ecommerce_site/cs4218-2510-ecom-project-team010/models/orderModel.js": {"path":"/Users/leongjiayijanna/Desktop/y4s1/cs4218/ecommerce_site/cs4218-2510-ecom-project-team010/models/orderModel.js","statementMap":{"0":{"start":{"line":3,"column":20},"end":{"line":23,"column":1}}},"fnMap":{},"branchMap":{},"s":{"0":1},"f":{},"b":{},"_coverageSchema":"1a1c01bbd47fc00a2c39e90264f33305004495a9","hash":"7205a6872f7820b7f9aff41505d61d127684212d"}
,"/Users/leongjiayijanna/Desktop/y4s1/cs4218/ecommerce_site/cs4218-2510-ecom-project-team010/models/productModel.js": {"path":"/Users/leongjiayijanna/Desktop/y4s1/cs4218/ecommerce_site/cs4218-2510-ecom-project-team010/models/productModel.js","statementMap":{"0":{"start":{"line":3,"column":22},"end":{"line":39,"column":1}}},"fnMap":{},"branchMap":{},"s":{"0":1},"f":{},"b":{},"_coverageSchema":"1a1c01bbd47fc00a2c39e90264f33305004495a9","hash":"15f0f470d082adaf8efb2e9818b4540d15631dbf"}
,"/Users/leongjiayijanna/Desktop/y4s1/cs4218/ecommerce_site/cs4218-2510-ecom-project-team010/models/userModel.js": {"path":"/Users/leongjiayijanna/Desktop/y4s1/cs4218/ecommerce_site/cs4218-2510-ecom-project-team010/models/userModel.js","statementMap":{"0":{"start":{"line":3,"column":19},"end":{"line":37,"column":1}}},"fnMap":{},"branchMap":{},"s":{"0":2},"f":{},"b":{},"_coverageSchema":"1a1c01bbd47fc00a2c39e90264f33305004495a9","hash":"546414e5351dda3ac5c2510702a0e0ac29e2b940"}
,"/Users/leongjiayijanna/Desktop/y4s1/cs4218/ecommerce_site/cs4218-2510-ecom-project-team010/routes/authRoute.js": {"path":"/Users/leongjiayijanna/Desktop/y4s1/cs4218/ecommerce_site/cs4218-2510-ecom-project-team010/routes/authRoute.js","statementMap":{"0":{"start":{"line":15,"column":15},"end":{"line":15,"column":31}},"1":{"start":{"line":19,"column":0},"end":{"line":19,"column":45}},"2":{"start":{"line":22,"column":0},"end":{"line":22,"column":39}},"3":{"start":{"line":25,"column":0},"end":{"line":25,"column":58}},"4":{"start":{"line":28,"column":0},"end":{"line":28,"column":60}},"5":{"start":{"line":31,"column":0},"end":{"line":33,"column":3}},"6":{"start":{"line":32,"column":2},"end":{"line":32,"column":37}},"7":{"start":{"line":35,"column":0},"end":{"line":37,"column":3}},"8":{"start":{"line":36,"column":2},"end":{"line":36,"column":37}},"9":{"start":{"line":40,"column":0},"end":{"line":40,"column":63}},"10":{"start":{"line":43,"column":0},"end":{"line":43,"column":58}},"11":{"start":{"line":46,"column":0},"end":{"line":46,"column":74}},"12":{"start":{"line":49,"column":0},"end":{"line":54,"column":2}}},"fnMap":{"0":{"name":"(anonymous_0)","decl":{"start":{"line":31,"column":40},"end":{"line":31,"column":41}},"loc":{"start":{"line":31,"column":54},"end":{"line":33,"column":1}},"line":31},"1":{"name":"(anonymous_1)","decl":{"start":{"line":35,"column":50},"end":{"line":35,"column":51}},"loc":{"start":{"line":35,"column":64},"end":{"line":37,"column":1}},"line":35}},"branchMap":{},"s":{"0":1,"1":1,"2":1,"3":1,"4":1,"5":1,"6":0,"7":1,"8":0,"9":1,"10":1,"11":1,"12":1},"f":{"0":0,"1":0},"b":{},"_coverageSchema":"1a1c01bbd47fc00a2c39e90264f33305004495a9","hash":"c858af85db23c4db57e4131a8fc5b97859c44adc"}
,"/Users/leongjiayijanna/Desktop/y4s1/cs4218/ecommerce_site/cs4218-2510-ecom-project-team010/routes/categoryRoutes.js": {"path":"/Users/leongjiayijanna/Desktop/y4s1/cs4218/ecommerce_site/cs4218-2510-ecom-project-team010/routes/categoryRoutes.js","statementMap":{"0":{"start":{"line":11,"column":15},"end":{"line":11,"column":31}},"1":{"start":{"line":15,"column":0},"end":{"line":20,"column":2}},"2":{"start":{"line":23,"column":0},"end":{"line":28,"column":2}},"3":{"start":{"line":31,"column":0},"end":{"line":31,"column":48}},"4":{"start":{"line":34,"column":0},"end":{"line":34,"column":63}},"5":{"start":{"line":37,"column":0},"end":{"line":42,"column":2}}},"fnMap":{},"branchMap":{},"s":{"0":0,"1":0,"2":0,"3":0,"4":0,"5":0},"f":{},"b":{}}
,"/Users/leongjiayijanna/Desktop/y4s1/cs4218/ecommerce_site/cs4218-2510-ecom-project-team010/routes/productRoutes.js": {"path":"/Users/leongjiayijanna/Desktop/y4s1/cs4218/ecommerce_site/cs4218-2510-ecom-project-team010/routes/productRoutes.js","statementMap":{"0":{"start":{"line":21,"column":15},"end":{"line":21,"column":31}},"1":{"start":{"line":24,"column":0},"end":{"line":30,"column":2}},"2":{"start":{"line":32,"column":0},"end":{"line":38,"column":2}},"3":{"start":{"line":41,"column":0},"end":{"line":41,"column":49}},"4":{"start":{"line":44,"column":0},"end":{"line":44,"column":61}},"5":{"start":{"line":47,"column":0},"end":{"line":47,"column":58}},"6":{"start":{"line":50,"column":0},"end":{"line":50,"column":63}},"7":{"start":{"line":53,"column":0},"end":{"line":53,"column":58}},"8":{"start":{"line":56,"column":0},"end":{"line":56,"column":53}},"9":{"start":{"line":59,"column":0},"end":{"line":59,"column":57}},"10":{"start":{"line":62,"column":0},"end":{"line":62,"column":56}},"11":{"start":{"line":65,"column":0},"end":{"line":65,"column":67}},"12":{"start":{"line":68,"column":0},"end":{"line":68,"column":65}},"13":{"start":{"line":72,"column":0},"end":{"line":72,"column":57}},"14":{"start":{"line":75,"column":0},"end":{"line":75,"column":77}}},"fnMap":{},"branchMap":{},"s":{"0":0,"1":0,"2":0,"3":0,"4":0,"5":0,"6":0,"7":0,"8":0,"9":0,"10":0,"11":0,"12":0,"13":0,"14":0},"f":{},"b":{}}
}
