TN:
SF:controllers/authController.js
FN:7,(anonymous_0)
FN:66,(anonymous_1)
FN:120,(anonymous_2)
FN:158,(anonymous_3)
FN:168,(anonymous_4)
FN:203,(anonymous_5)
FN:220,(anonymous_6)
FN:239,(anonymous_7)
FNF:8
FNH:8
FNDA:4,(anonymous_0)
FNDA:3,(anonymous_1)
FNDA:2,(anonymous_2)
FNDA:1,(anonymous_3)
FNDA:1,(anonymous_4)
FNDA:2,(anonymous_5)
FNDA:1,(anonymous_6)
FNDA:1,(anonymous_7)
DA:7,1
DA:8,4
DA:9,4
DA:11,4
DA:12,1
DA:14,3
DA:15,0
DA:17,3
DA:18,0
DA:20,3
DA:21,0
DA:23,3
DA:24,0
DA:26,3
DA:27,0
DA:30,3
DA:32,2
DA:33,1
DA:39,1
DA:41,1
DA:50,1
DA:56,1
DA:57,1
DA:66,1
DA:67,3
DA:68,3
DA:70,3
DA:71,0
DA:77,3
DA:78,3
DA:79,1
DA:84,2
DA:85,2
DA:86,1
DA:92,1
DA:95,1
DA:109,0
DA:110,0
DA:120,1
DA:121,2
DA:122,2
DA:123,2
DA:124,0
DA:126,2
DA:127,0
DA:129,2
DA:130,0
DA:133,2
DA:135,2
DA:136,1
DA:141,1
DA:142,1
DA:143,1
DA:148,0
DA:149,0
DA:158,1
DA:159,1
DA:160,1
DA:162,0
DA:163,0
DA:168,1
DA:169,1
DA:170,1
DA:171,1
DA:173,1
DA:174,0
DA:176,1
DA:177,1
DA:187,1
DA:193,0
DA:194,0
DA:203,1
DA:204,2
DA:205,2
DA:209,1
DA:211,1
DA:212,1
DA:220,1
DA:221,1
DA:222,1
DA:227,1
DA:229,0
DA:230,0
DA:239,1
DA:240,1
DA:241,1
DA:242,1
DA:243,1
DA:248,1
DA:250,0
DA:251,0
LF:91
LH:69
BRDA:11,0,0,1
BRDA:11,0,1,3
BRDA:14,1,0,0
BRDA:14,1,1,3
BRDA:17,2,0,0
BRDA:17,2,1,3
BRDA:20,3,0,0
BRDA:20,3,1,3
BRDA:23,4,0,0
BRDA:23,4,1,3
BRDA:26,5,0,0
BRDA:26,5,1,3
BRDA:32,6,0,1
BRDA:32,6,1,1
BRDA:70,7,0,0
BRDA:70,7,1,3
BRDA:70,8,0,3
BRDA:70,8,1,3
BRDA:78,9,0,1
BRDA:78,9,1,2
BRDA:85,10,0,1
BRDA:85,10,1,1
BRDA:123,11,0,0
BRDA:123,11,1,2
BRDA:126,12,0,0
BRDA:126,12,1,2
BRDA:129,13,0,0
BRDA:129,13,1,2
BRDA:135,14,0,1
BRDA:135,14,1,1
BRDA:173,15,0,0
BRDA:173,15,1,1
BRDA:173,16,0,1
BRDA:173,16,1,0
BRDA:176,17,0,0
BRDA:176,17,1,1
BRDA:180,18,0,1
BRDA:180,18,1,0
BRDA:181,19,0,1
BRDA:181,19,1,1
BRDA:182,20,0,1
BRDA:182,20,1,0
BRDA:183,21,0,1
BRDA:183,21,1,1
BRF:44
BRH:30
end_of_record
TN:
SF:controllers/categoryController.js
FN:4,(anonymous_0)
FN:37,(anonymous_1)
FN:68,(anonymous_2)
FN:87,(anonymous_3)
FN:106,(anonymous_4)
FNF:5
FNH:5
FNDA:3,(anonymous_0)
FNDA:2,(anonymous_1)
FNDA:2,(anonymous_2)
FNDA:2,(anonymous_3)
FNDA:2,(anonymous_4)
DA:4,1
DA:5,3
DA:6,3
DA:7,3
DA:8,1
DA:10,2
DA:11,2
DA:12,1
DA:17,1
DA:21,1
DA:27,0
DA:28,0
DA:37,1
DA:38,2
DA:39,2
DA:40,2
DA:41,2
DA:46,2
DA:47,1
DA:52,1
DA:58,0
DA:59,0
DA:68,1
DA:69,2
DA:70,2
DA:71,2
DA:77,0
DA:78,0
DA:87,1
DA:88,2
DA:89,2
DA:90,2
DA:96,0
DA:97,0
DA:106,1
DA:107,2
DA:108,2
DA:109,2
DA:110,2
DA:111,1
DA:116,1
DA:121,0
DA:122,0
LF:43
LH:33
BRDA:7,0,0,1
BRDA:7,0,1,2
BRDA:11,1,0,1
BRDA:11,1,1,1
BRDA:46,2,0,1
BRDA:46,2,1,1
BRDA:110,3,0,1
BRDA:110,3,1,1
BRF:8
BRH:8
end_of_record
TN:
SF:controllers/productController.js
FN:21,(anonymous_0)
FN:67,(anonymous_1)
FN:91,(anonymous_2)
FN:113,(anonymous_3)
FN:132,(anonymous_4)
FN:151,(anonymous_5)
FN:200,(anonymous_6)
FN:222,(anonymous_7)
FN:240,(anonymous_8)
FN:265,(anonymous_9)
FN:288,(anonymous_10)
FN:314,(anonymous_11)
FN:335,(anonymous_12)
FN:337,(anonymous_13)
FN:350,(anonymous_14)
FN:354,(anonymous_15)
FN:365,(anonymous_16)
FNF:17
FNH:4
FNDA:8,(anonymous_0)
FNDA:0,(anonymous_1)
FNDA:0,(anonymous_2)
FNDA:0,(anonymous_3)
FNDA:0,(anonymous_4)
FNDA:8,(anonymous_5)
FNDA:0,(anonymous_6)
FNDA:0,(anonymous_7)
FNDA:0,(anonymous_8)
FNDA:0,(anonymous_9)
FNDA:0,(anonymous_10)
FNDA:0,(anonymous_11)
FNDA:2,(anonymous_12)
FNDA:2,(anonymous_13)
FNDA:0,(anonymous_14)
FNDA:0,(anonymous_15)
FNDA:0,(anonymous_16)
DA:10,2
DA:13,2
DA:21,2
DA:22,8
DA:25,8
DA:26,8
DA:28,7
DA:30,1
DA:32,1
DA:34,1
DA:36,1
DA:38,1
DA:40,1
DA:45,1
DA:46,1
DA:47,1
DA:48,1
DA:50,1
DA:51,1
DA:57,1
DA:58,1
DA:67,2
DA:68,0
DA:69,0
DA:75,0
DA:82,0
DA:83,0
DA:91,2
DA:92,0
DA:93,0
DA:97,0
DA:103,0
DA:104,0
DA:113,2
DA:114,0
DA:115,0
DA:116,0
DA:117,0
DA:118,0
DA:121,0
DA:122,0
DA:132,2
DA:133,0
DA:134,0
DA:135,0
DA:140,0
DA:141,0
DA:151,2
DA:152,8
DA:154,8
DA:155,8
DA:157,8
DA:159,1
DA:161,1
DA:163,1
DA:165,1
DA:167,1
DA:169,1
DA:174,2
DA:179,1
DA:180,1
DA:181,1
DA:183,1
DA:184,1
DA:190,1
DA:191,1
DA:200,2
DA:201,0
DA:202,0
DA:203,0
DA:204,0
DA:205,0
DA:206,0
DA:207,0
DA:212,0
DA:213,0
DA:222,2
DA:223,0
DA:224,0
DA:225,0
DA:230,0
DA:231,0
DA:240,2
DA:241,0
DA:242,0
DA:243,0
DA:244,0
DA:250,0
DA:255,0
DA:256,0
DA:265,2
DA:266,0
DA:267,0
DA:268,0
DA:276,0
DA:278,0
DA:279,0
DA:288,2
DA:289,0
DA:290,0
DA:291,0
DA:299,0
DA:304,0
DA:305,0
DA:314,2
DA:315,0
DA:316,0
DA:317,0
DA:318,0
DA:324,0
DA:325,0
DA:335,2
DA:336,2
DA:337,2
DA:338,2
DA:339,1
DA:341,1
DA:345,0
DA:350,2
DA:351,0
DA:352,0
DA:353,0
DA:354,0
DA:355,0
DA:357,0
DA:366,0
DA:367,0
DA:372,0
DA:374,0
DA:379,0
LF:130
LH:57
BRDA:28,0,0,1
BRDA:28,0,1,1
BRDA:28,0,2,1
BRDA:28,0,3,1
BRDA:28,0,4,1
BRDA:28,0,5,1
BRDA:39,1,0,2
BRDA:39,1,1,2
BRDA:46,2,0,1
BRDA:46,2,1,0
BRDA:116,3,0,0
BRDA:116,3,1,0
BRDA:157,4,0,1
BRDA:157,4,1,1
BRDA:157,4,2,1
BRDA:157,4,3,1
BRDA:157,4,4,1
BRDA:157,4,5,1
BRDA:168,5,0,3
BRDA:168,5,1,3
BRDA:179,6,0,1
BRDA:179,6,1,0
BRDA:204,7,0,0
BRDA:204,7,1,0
BRDA:205,8,0,0
BRDA:205,8,1,0
BRDA:243,9,0,0
BRDA:243,9,1,0
BRDA:338,10,0,1
BRDA:338,10,1,1
BRDA:366,11,0,0
BRDA:366,11,1,0
BRF:32
BRH:20
end_of_record
TN:
SF:helpers/authHelper.js
FN:3,(anonymous_0)
FN:14,(anonymous_1)
FNF:2
FNH:2
FNDA:2,(anonymous_0)
FNDA:3,(anonymous_1)
DA:3,2
DA:4,2
DA:5,2
DA:6,2
DA:7,1
DA:10,1
DA:14,2
DA:15,3
LF:8
LH:8
BRF:0
BRH:0
end_of_record
TN:
SF:middlewares/authMiddleware.js
FN:5,(anonymous_0)
FN:19,(anonymous_1)
FNF:2
FNH:2
FNDA:2,(anonymous_0)
FNDA:4,(anonymous_1)
DA:5,1
DA:6,2
DA:7,2
DA:11,1
DA:12,1
DA:14,1
DA:19,1
DA:20,4
DA:21,4
DA:22,3
DA:23,1
DA:28,1
DA:31,2
DA:32,2
LF:14
LH:14
BRDA:22,0,0,1
BRDA:22,0,1,1
BRF:2
BRH:2
end_of_record
TN:
SF:models/categoryModel.js
FNF:0
FNH:0
DA:3,2
LF:1
LH:1
BRF:0
BRH:0
end_of_record
TN:
SF:models/orderModel.js
FNF:0
FNH:0
DA:3,1
LF:1
LH:1
BRF:0
BRH:0
end_of_record
TN:
SF:models/productModel.js
FNF:0
FNH:0
DA:3,1
LF:1
LH:1
BRF:0
BRH:0
end_of_record
TN:
SF:models/userModel.js
FNF:0
FNH:0
DA:3,2
LF:1
LH:1
BRF:0
BRH:0
end_of_record
TN:
SF:routes/authRoute.js
FN:31,(anonymous_0)
FN:35,(anonymous_1)
FNF:2
FNH:0
FNDA:0,(anonymous_0)
FNDA:0,(anonymous_1)
DA:15,1
DA:19,1
DA:22,1
DA:25,1
DA:28,1
DA:31,1
DA:32,0
DA:35,1
DA:36,0
DA:40,1
DA:43,1
DA:46,1
DA:49,1
LF:13
LH:11
BRF:0
BRH:0
end_of_record
TN:
SF:routes/categoryRoutes.js
FNF:0
FNH:0
DA:11,0
DA:15,0
DA:23,0
DA:31,0
DA:34,0
DA:37,0
LF:6
LH:0
BRF:0
BRH:0
end_of_record
TN:
SF:routes/productRoutes.js
FNF:0
FNH:0
DA:21,0
DA:24,0
DA:32,0
DA:41,0
DA:44,0
DA:47,0
DA:50,0
DA:53,0
DA:56,0
DA:59,0
DA:62,0
DA:65,0
DA:68,0
DA:72,0
DA:75,0
LF:15
LH:0
BRF:0
BRH:0
end_of_record
