TN:
SF:config/db.js
FN:2,(anonymous_0)
FNF:1
FNH:0
FNDA:0,(anonymous_0)
DA:2,0
DA:3,0
DA:4,0
DA:5,0
DA:7,0
LF:5
LH:0
BRF:0
BRH:0
end_of_record
TN:
SF:controllers/authController.js
FN:7,(anonymous_0)
FN:66,(anonymous_1)
FN:120,(anonymous_2)
FN:157,(anonymous_3)
FN:180,(anonymous_4)
FN:190,(anonymous_5)
FN:228,(anonymous_6)
FN:246,(anonymous_7)
FN:267,(anonymous_8)
FNF:9
FNH:0
FNDA:0,(anonymous_0)
FNDA:0,(anonymous_1)
FNDA:0,(anonymous_2)
FNDA:0,(anonymous_3)
FNDA:0,(anonymous_4)
FNDA:0,(anonymous_5)
FNDA:0,(anonymous_6)
FNDA:0,(anonymous_7)
FNDA:0,(anonymous_8)
DA:7,0
DA:8,0
DA:9,0
DA:11,0
DA:12,0
DA:14,0
DA:15,0
DA:17,0
DA:18,0
DA:20,0
DA:21,0
DA:23,0
DA:24,0
DA:26,0
DA:27,0
DA:30,0
DA:32,0
DA:33,0
DA:39,0
DA:41,0
DA:50,0
DA:56,0
DA:57,0
DA:66,0
DA:67,0
DA:68,0
DA:70,0
DA:71,0
DA:77,0
DA:78,0
DA:79,0
DA:84,0
DA:85,0
DA:86,0
DA:92,0
DA:95,0
DA:109,0
DA:110,0
DA:120,0
DA:121,0
DA:122,0
DA:123,0
DA:124,0
DA:126,0
DA:127,0
DA:129,0
DA:130,0
DA:133,0
DA:135,0
DA:136,0
DA:141,0
DA:142,0
DA:143,0
DA:148,0
DA:149,0
DA:157,0
DA:158,0
DA:159,0
DA:164,0
DA:170,0
DA:171,0
DA:180,0
DA:181,0
DA:182,0
DA:184,0
DA:185,0
DA:190,0
DA:191,0
DA:192,0
DA:193,0
DA:195,0
DA:196,0
DA:201,0
DA:202,0
DA:212,0
DA:218,0
DA:219,0
DA:228,0
DA:229,0
DA:230,0
DA:234,0
DA:236,0
DA:237,0
DA:246,0
DA:247,0
DA:248,0
DA:253,0
DA:255,0
DA:256,0
DA:267,0
DA:268,0
DA:269,0
DA:270,0
DA:271,0
DA:276,0
DA:278,0
DA:279,0
LF:97
LH:0
BRDA:11,0,0,0
BRDA:11,0,1,0
BRDA:14,1,0,0
BRDA:14,1,1,0
BRDA:17,2,0,0
BRDA:17,2,1,0
BRDA:20,3,0,0
BRDA:20,3,1,0
BRDA:23,4,0,0
BRDA:23,4,1,0
BRDA:26,5,0,0
BRDA:26,5,1,0
BRDA:32,6,0,0
BRDA:32,6,1,0
BRDA:70,7,0,0
BRDA:70,7,1,0
BRDA:70,8,0,0
BRDA:70,8,1,0
BRDA:78,9,0,0
BRDA:78,9,1,0
BRDA:85,10,0,0
BRDA:85,10,1,0
BRDA:123,11,0,0
BRDA:123,11,1,0
BRDA:126,12,0,0
BRDA:126,12,1,0
BRDA:129,13,0,0
BRDA:129,13,1,0
BRDA:135,14,0,0
BRDA:135,14,1,0
BRDA:195,15,0,0
BRDA:195,15,1,0
BRDA:195,16,0,0
BRDA:195,16,1,0
BRDA:201,17,0,0
BRDA:201,17,1,0
BRDA:205,18,0,0
BRDA:205,18,1,0
BRDA:206,19,0,0
BRDA:206,19,1,0
BRDA:207,20,0,0
BRDA:207,20,1,0
BRDA:208,21,0,0
BRDA:208,21,1,0
BRF:44
BRH:0
end_of_record
TN:
SF:controllers/categoryController.js
FN:4,(anonymous_0)
FN:37,(anonymous_1)
FN:68,(anonymous_2)
FN:87,(anonymous_3)
FN:106,(anonymous_4)
FNF:5
FNH:0
FNDA:0,(anonymous_0)
FNDA:0,(anonymous_1)
FNDA:0,(anonymous_2)
FNDA:0,(anonymous_3)
FNDA:0,(anonymous_4)
DA:4,0
DA:5,0
DA:6,0
DA:7,0
DA:8,0
DA:10,0
DA:11,0
DA:12,0
DA:17,0
DA:21,0
DA:27,0
DA:28,0
DA:37,0
DA:38,0
DA:39,0
DA:40,0
DA:41,0
DA:46,0
DA:47,0
DA:52,0
DA:58,0
DA:59,0
DA:68,0
DA:69,0
DA:70,0
DA:71,0
DA:77,0
DA:78,0
DA:87,0
DA:88,0
DA:89,0
DA:90,0
DA:96,0
DA:97,0
DA:106,0
DA:107,0
DA:108,0
DA:109,0
DA:110,0
DA:111,0
DA:116,0
DA:121,0
DA:122,0
LF:43
LH:0
BRDA:7,0,0,0
BRDA:7,0,1,0
BRDA:11,1,0,0
BRDA:11,1,1,0
BRDA:46,2,0,0
BRDA:46,2,1,0
BRDA:110,3,0,0
BRDA:110,3,1,0
BRF:8
BRH:0
end_of_record
TN:
SF:controllers/productController.js
FN:20,(anonymous_0)
FN:65,(anonymous_1)
FN:89,(anonymous_2)
FN:111,(anonymous_3)
FN:129,(anonymous_4)
FN:147,(anonymous_5)
FN:196,(anonymous_6)
FN:218,(anonymous_7)
FN:236,(anonymous_8)
FN:261,(anonymous_9)
FN:284,(anonymous_10)
FN:310,(anonymous_11)
FN:331,(anonymous_12)
FN:333,(anonymous_13)
FN:347,(anonymous_14)
FN:351,(anonymous_15)
FN:363,(anonymous_16)
FNF:17
FNH:9
FNDA:0,(anonymous_0)
FNDA:2,(anonymous_1)
FNDA:2,(anonymous_2)
FNDA:2,(anonymous_3)
FNDA:0,(anonymous_4)
FNDA:0,(anonymous_5)
FNDA:4,(anonymous_6)
FNDA:1,(anonymous_7)
FNDA:2,(anonymous_8)
FNDA:3,(anonymous_9)
FNDA:2,(anonymous_10)
FNDA:2,(anonymous_11)
FNDA:0,(anonymous_12)
FNDA:0,(anonymous_13)
FNDA:0,(anonymous_14)
FNDA:0,(anonymous_15)
FNDA:0,(anonymous_16)
DA:10,1
DA:13,1
DA:20,1
DA:21,0
DA:23,0
DA:24,0
DA:26,0
DA:28,0
DA:30,0
DA:32,0
DA:34,0
DA:36,0
DA:38,0
DA:43,0
DA:44,0
DA:45,0
DA:46,0
DA:48,0
DA:49,0
DA:55,0
DA:56,0
DA:65,1
DA:66,2
DA:67,2
DA:73,1
DA:80,1
DA:81,1
DA:89,1
DA:90,2
DA:91,2
DA:95,2
DA:101,0
DA:102,0
DA:111,1
DA:112,2
DA:113,2
DA:114,2
DA:115,1
DA:116,1
DA:119,0
DA:120,0
DA:129,1
DA:130,0
DA:131,0
DA:132,0
DA:137,0
DA:138,0
DA:147,1
DA:148,0
DA:150,0
DA:151,0
DA:153,0
DA:155,0
DA:157,0
DA:159,0
DA:161,0
DA:163,0
DA:165,0
DA:170,0
DA:175,0
DA:176,0
DA:177,0
DA:179,0
DA:180,0
DA:186,0
DA:187,0
DA:196,1
DA:197,4
DA:198,4
DA:199,4
DA:200,4
DA:201,4
DA:202,4
DA:203,4
DA:208,0
DA:209,0
DA:218,1
DA:219,1
DA:220,1
DA:221,1
DA:226,0
DA:227,0
DA:236,1
DA:237,2
DA:238,2
DA:239,2
DA:240,2
DA:246,2
DA:251,0
DA:252,0
DA:261,1
DA:262,3
DA:263,3
DA:264,3
DA:272,3
DA:274,0
DA:275,0
DA:284,1
DA:285,2
DA:286,2
DA:287,2
DA:295,2
DA:300,0
DA:301,0
DA:310,1
DA:311,2
DA:312,2
DA:313,2
DA:314,2
DA:320,0
DA:321,0
DA:331,1
DA:332,0
DA:333,0
DA:334,0
DA:335,0
DA:337,0
DA:341,0
DA:342,0
DA:347,1
DA:348,0
DA:349,0
DA:350,0
DA:351,0
DA:352,0
DA:355,0
DA:364,0
DA:365,0
DA:370,0
DA:372,0
DA:377,0
DA:378,0
LF:132
LH:56
BRDA:26,0,0,0
BRDA:26,0,1,0
BRDA:26,0,2,0
BRDA:26,0,3,0
BRDA:26,0,4,0
BRDA:26,0,5,0
BRDA:37,1,0,0
BRDA:37,1,1,0
BRDA:44,2,0,0
BRDA:44,2,1,0
BRDA:114,3,0,1
BRDA:114,3,1,1
BRDA:153,4,0,0
BRDA:153,4,1,0
BRDA:153,4,2,0
BRDA:153,4,3,0
BRDA:153,4,4,0
BRDA:153,4,5,0
BRDA:164,5,0,0
BRDA:164,5,1,0
BRDA:175,6,0,0
BRDA:175,6,1,0
BRDA:200,7,0,2
BRDA:200,7,1,2
BRDA:201,8,0,2
BRDA:201,8,1,2
BRDA:239,9,0,1
BRDA:239,9,1,1
BRDA:334,10,0,0
BRDA:334,10,1,0
BRDA:364,11,0,0
BRDA:364,11,1,0
BRF:32
BRH:8
end_of_record
TN:
SF:helpers/authHelper.js
FN:3,(anonymous_0)
FN:14,(anonymous_1)
FNF:2
FNH:0
FNDA:0,(anonymous_0)
FNDA:0,(anonymous_1)
DA:3,0
DA:4,0
DA:5,0
DA:6,0
DA:7,0
DA:10,0
DA:14,0
DA:15,0
LF:8
LH:0
BRF:0
BRH:0
end_of_record
TN:
SF:middlewares/authMiddleware.js
FN:5,(anonymous_0)
FN:19,(anonymous_1)
FNF:2
FNH:0
FNDA:0,(anonymous_0)
FNDA:0,(anonymous_1)
DA:5,0
DA:6,0
DA:7,0
DA:11,0
DA:12,0
DA:14,0
DA:19,0
DA:20,0
DA:21,0
DA:22,0
DA:23,0
DA:28,0
DA:31,0
DA:32,0
LF:14
LH:0
BRDA:22,0,0,0
BRDA:22,0,1,0
BRF:2
BRH:0
end_of_record
TN:
SF:models/categoryModel.js
FNF:0
FNH:0
DA:3,1
LF:1
LH:1
BRF:0
BRH:0
end_of_record
TN:
SF:models/orderModel.js
FNF:0
FNH:0
DA:3,1
LF:1
LH:1
BRF:0
BRH:0
end_of_record
TN:
SF:models/productModel.js
FNF:0
FNH:0
DA:3,1
LF:1
LH:1
BRF:0
BRH:0
end_of_record
TN:
SF:models/userModel.js
FNF:0
FNH:0
DA:3,0
LF:1
LH:0
BRF:0
BRH:0
end_of_record
TN:
SF:routes/authRoute.js
FN:32,(anonymous_0)
FN:36,(anonymous_1)
FNF:2
FNH:0
FNDA:0,(anonymous_0)
FNDA:0,(anonymous_1)
DA:16,0
DA:20,0
DA:23,0
DA:26,0
DA:29,0
DA:32,0
DA:33,0
DA:36,0
DA:37,0
DA:41,0
DA:44,0
DA:47,0
DA:50,0
DA:53,0
LF:14
LH:0
BRF:0
BRH:0
end_of_record
